Log file open, 03/01/19 22:42:42
LogWindows: Failed to load 'aqProf.dll' (GetLastError=126)
LogWindows: File 'aqProf.dll' does not exist
LogWindows: Failed to load 'VSPerf140.dll' (GetLastError=126)
LogWindows: File 'VSPerf140.dll' does not exist
LogWindows: Failed to load 'VtuneApi.dll' (GetLastError=126)
LogWindows: File 'VtuneApi.dll' does not exist
LogWindows: Failed to load 'VtuneApi32e.dll' (GetLastError=126)
LogWindows: File 'VtuneApi32e.dll' does not exist
LogInit: Display: Running engine for game: NH_WhiteboxInClass
LogPlatformFile: Not using cached read wrapper
LogTaskGraph: Started task graph with 5 named threads and 14 total threads with 3 sets of task threads.
LogStats: Stats thread started at 0.207133
LogD3D11RHI: Loaded GFSDK_Aftermath_Lib.x64.dll
LogICUInternationalization: Display: ICU TimeZone Detection - Raw Offset: -7:00, Platform Override: ''
LogPluginManager: Mounting plugin Paper2D
LogPluginManager: Mounting plugin AISupport
LogPluginManager: Mounting plugin LightPropagationVolume
LogPluginManager: Mounting plugin CLionSourceCodeAccess
LogPluginManager: Mounting plugin CodeLiteSourceCodeAccess
LogPluginManager: Mounting plugin GitSourceControl
LogPluginManager: Mounting plugin KDevelopSourceCodeAccess
LogPluginManager: Mounting plugin NullSourceCodeAccess
LogPluginManager: Mounting plugin PerforceSourceControl
LogPluginManager: Mounting plugin SubversionSourceControl
LogPluginManager: Mounting plugin UObjectPlugin
LogPluginManager: Mounting plugin VisualStudioCodeSourceCodeAccess
LogPluginManager: Mounting plugin VisualStudioSourceCodeAccess
LogPluginManager: Mounting plugin XCodeSourceCodeAccess
LogPluginManager: Mounting plugin AssetManagerEditor
LogPluginManager: Mounting plugin CryptoKeys
LogPluginManager: Mounting plugin DataValidation
LogPluginManager: Mounting plugin FacialAnimation
LogPluginManager: Mounting plugin GameplayTagsEditor
LogPluginManager: Mounting plugin MacGraphicsSwitching
LogPluginManager: Mounting plugin MeshEditor
LogPluginManager: Mounting plugin MobileLauncherProfileWizard
LogPluginManager: Mounting plugin PluginBrowser
LogPluginManager: Mounting plugin SpeedTreeImporter
LogPluginManager: Mounting plugin DatasmithContent
LogPluginManager: Mounting plugin AlembicImporter
LogPluginManager: Mounting plugin AppleImageUtils
LogPluginManager: Mounting plugin AppleVision
LogPluginManager: Mounting plugin BackChannel
LogPluginManager: Mounting plugin CharacterAI
LogPluginManager: Mounting plugin GeometryCache
LogPluginManager: Mounting plugin HTML5Networking
LogPluginManager: Mounting plugin ProxyLODPlugin
LogPluginManager: Mounting plugin MagicLeap
LogPluginManager: Mounting plugin MagicLeapEmulator
LogPluginManager: Mounting plugin MagicLeapMedia
LogPluginManager: Mounting plugin AndroidMedia
LogPluginManager: Mounting plugin AvfMedia
LogPluginManager: Mounting plugin ImgMedia
LogPluginManager: Mounting plugin LinearTimecode
LogPluginManager: Mounting plugin MediaCompositing
LogPluginManager: Mounting plugin MediaPlayerEditor
LogPluginManager: Mounting plugin WmfMedia
LogPluginManager: Mounting plugin TcpMessaging
LogPluginManager: Mounting plugin UdpMessaging
LogPluginManager: Mounting plugin ActorSequence
LogPluginManager: Mounting plugin LevelSequenceEditor
LogPluginManager: Mounting plugin MatineeToLevelSequence
LogPluginManager: Mounting plugin NetcodeUnitTest
LogPluginManager: Mounting plugin NUTUnrealEngine4
LogPluginManager: Mounting plugin OnlineSubsystemGooglePlay
LogPluginManager: Mounting plugin OnlineSubsystemIOS
LogPluginManager: Mounting plugin OnlineSubsystem
LogPluginManager: Mounting plugin OnlineSubsystemNull
LogPluginManager: Mounting plugin OnlineSubsystemUtils
LogPluginManager: Mounting plugin LauncherChunkInstaller
LogPluginManager: Mounting plugin AndroidDeviceProfileSelector
LogPluginManager: Mounting plugin AndroidMoviePlayer
LogPluginManager: Mounting plugin AndroidPermission
LogPluginManager: Mounting plugin AppleMoviePlayer
LogPluginManager: Mounting plugin ArchVisCharacter
LogPluginManager: Mounting plugin AudioCapture
LogPluginManager: Mounting plugin CableComponent
LogPluginManager: Mounting plugin CustomMeshComponent
LogPluginManager: Mounting plugin EditableMesh
LogPluginManager: Mounting plugin ExampleDeviceProfileSelector
LogPluginManager: Mounting plugin GoogleCloudMessaging
LogPluginManager: Mounting plugin ImmediatePhysics
LogPluginManager: Mounting plugin IOSDeviceProfileSelector
LogPluginManager: Mounting plugin LinuxDeviceProfileSelector
LogPluginManager: Mounting plugin LocationServicesBPLibrary
LogPluginManager: Mounting plugin MobilePatchingUtils
LogPluginManager: Mounting plugin OculusVR
LogPluginManager: Plugin shader directory ../../../Engine/Plugins/Runtime/Oculus/OculusVR/Shaders found
LogPluginManager: Mapping shader source directory ../../../Engine/Plugins/Runtime/Oculus/OculusVR/Shaders to virtual directory /Plugin/OculusVR
LogPluginManager: Mounting plugin PhysXVehicles
LogPluginManager: Mounting plugin ProceduralMeshComponent
LogPluginManager: Mounting plugin RuntimePhysXCooking
LogPluginManager: Mounting plugin SteamVR
LogPluginManager: Mounting plugin WindowsMoviePlayer
LogStreaming: Display: Took  0.170s to configure plugins.
LogInit: Using libcurl 7.55.1-DEV
LogInit:  - built for x86_64-pc-win32
LogInit:  - supports SSL with OpenSSL/1.0.2h
LogInit:  - supports HTTP deflate (compression) using libz 1.2.8
LogInit:  - other features:
LogInit:      CURL_VERSION_SSL
LogInit:      CURL_VERSION_LIBZ
LogInit:      CURL_VERSION_IPV6
LogInit:      CURL_VERSION_ASYNCHDNS
LogInit:      CURL_VERSION_LARGEFILE
LogInit:      CURL_VERSION_IDN
LogInit:  CurlRequestOptions (configurable via config and command line):
LogInit:  - bVerifyPeer = false  - Libcurl will NOT verify peer certificate
LogInit:  - bUseHttpProxy = false  - Libcurl will NOT use HTTP proxy
LogInit:  - bDontReuseConnections = false  - Libcurl will reuse connections
LogInit:  - CertBundlePath = nullptr  - Libcurl will use whatever was configured at build time.
LogInit:  - MaxHostConnections = 16  - Libcurl will limit the number of connections to a host
LogInit:  - LocalHostAddr = Default
LogInit:  - BufferSize = 65536
LogInit: WinSock: version 1.1 (2.2), MaxSocks=32767, MaxUdp=65467
LogInit: Build: ++UE4+Release-4.20-CL-4369336
LogInit: Engine Version: 4.20.3-4369336+++UE4+Release-4.20
LogInit: Compatible Engine Version: 4.20.0-4212847+++UE4+Release-4.20
LogInit: Net CL: 4212847
LogInit: OS: Windows 10 (), CPU: Intel(R) Core(TM) i5-6500 CPU @ 3.20GHz, GPU: AMD Radeon (TM) R9 380 Series
LogInit: Compiled (64-bit): Sep 17 2018 12:26:19
LogInit: Compiled with Visual C++: 19.13.26129.00
LogInit: Build Configuration: Development
LogInit: Branch Name: ++UE4+Release-4.20
LogInit: Command Line:  
LogInit: Base Directory: C:/Program Files/Epic Games/UE_4.20/Engine/Binaries/Win64/
LogInit: Installed Engine Build: 1
LogDevObjectVersion: Number of dev versions registered: 20
LogDevObjectVersion:   Dev-Blueprints (B0D832E4-1F89-4F0D-ACCF-7EB736FD4AA2): 10
LogDevObjectVersion:   Dev-Build (E1C64328-A22C-4D53-A36C-8E866417BD8C): 0
LogDevObjectVersion:   Dev-Core (375EC13C-06E4-48FB-B500-84F0262A717E): 2
LogDevObjectVersion:   Dev-Editor (E4B068ED-F494-42E9-A231-DA0B2E46BB41): 24
LogDevObjectVersion:   Dev-Framework (CFFC743F-43B0-4480-9391-14DF171D2073): 34
LogDevObjectVersion:   Dev-Mobile (B02B49B5-BB20-44E9-A304-32B752E40360): 2
LogDevObjectVersion:   Dev-Networking (A4E4105C-59A1-49B5-A7C5-40C4547EDFEE): 0
LogDevObjectVersion:   Dev-Online (39C831C9-5AE6-47DC-9A44-9C173E1C8E7C): 0
LogDevObjectVersion:   Dev-Physics (78F01B33-EBEA-4F98-B9B4-84EACCB95AA2): 0
LogDevObjectVersion:   Dev-Platform (6631380F-2D4D-43E0-8009-CF276956A95A): 0
LogDevObjectVersion:   Dev-Rendering (12F88B9F-8875-4AFC-A67C-D90C383ABD29): 26
LogDevObjectVersion:   Dev-Sequencer (7B5AE74C-D270-4C10-A958-57980B212A5A): 9
LogDevObjectVersion:   Dev-VR (D7296918-1DD6-4BDD-9DE2-64A83CC13884): 2
LogDevObjectVersion:   Dev-LoadTimes (C2A15278-BFE7-4AFE-6C17-90FF531DF755): 1
LogDevObjectVersion:   Private-Geometry (6EACA3D4-40EC-4CC1-B786-8BED09428FC5): 3
LogDevObjectVersion:   Dev-AnimPhys (29E575DD-E0A3-4627-9D10-D276232CDCEA): 17
LogDevObjectVersion:   Dev-ReflectionCapture (6B266CEC-1EC7-4B8F-A30B-E4D90942FC07): 1
LogDevObjectVersion:   Dev-Automation (0DF73D61-A23F-47EA-B727-89E90C41499A): 1
LogDevObjectVersion:   FortniteMain (601D1886-AC64-4F84-AA16-D3DE0DEAC7D6): 12
LogDevObjectVersion:   Dev-Enterprise (9DFFBCD6-494F-0158-E221-12823C92A888): 1
LogStreaming: Display: Took  0.000s to delete old logs.
LogInit: Presizing for max 8388607 objects, including 0 objects not considered by GC, pre-allocating 0 bytes for permanent pool.
LogInit: Object subsystem initialized
[2019.03.02-05.42.43:470][  0]LogInit: Selected Device Profile: [Windows]
[2019.03.02-05.42.43:470][  0]LogInit: Applying CVar settings loaded from the selected device profile: [Windows]
[2019.03.02-05.42.43:543][  0]LogHAL: Display: Platform has ~ 16 GB [17091248128 / 17179869184 / 16], which maps to Larger [LargestMinGB=32, LargerMinGB=12, DefaultMinGB=8, SmallerMinGB=6, SmallestMinGB=0)
[2019.03.02-05.42.43:543][  0]LogInit: Setting Device Profile CVar: [[r.Vulkan.UseRealUBs:1]]
[2019.03.02-05.42.43:543][  0]LogInit: Going up to parent DeviceProfile []
[2019.03.02-05.42.43:552][  0]LogInit: Computer: NATHAN-DESKTOP
[2019.03.02-05.42.43:552][  0]LogInit: User: nhfir
[2019.03.02-05.42.43:552][  0]LogInit: CPU Page size=4096, Cores=4
[2019.03.02-05.42.43:552][  0]LogInit: High frequency timer resolution =3.117185 MHz
[2019.03.02-05.42.43:552][  0]LogMemory: Memory total: Physical=15.9GB (16GB approx)
[2019.03.02-05.42.43:552][  0]LogMemory: Platform Memory Stats for Windows
[2019.03.02-05.42.43:552][  0]LogMemory: Process Physical Memory: 100.42 MB used, 100.42 MB peak
[2019.03.02-05.42.43:552][  0]LogMemory: Process Virtual Memory: 84.39 MB used, 84.39 MB peak
[2019.03.02-05.42.43:552][  0]LogMemory: Physical Memory: 8035.45 MB used,  8264.04 MB free, 16299.48 MB total
[2019.03.02-05.42.43:552][  0]LogMemory: Virtual Memory: 4625.43 MB used,  8264.04 MB free, 134217728.00 MB total
[2019.03.02-05.42.43:565][  0]LogInit: Using OS detected language (en-US).
[2019.03.02-05.42.43:565][  0]LogInit: Using OS detected locale (en-US).
[2019.03.02-05.42.43:566][  0]LogTextLocalizationManager: No specific localization for 'en-US' exists, so the 'en' localization will be used.
[2019.03.02-05.42.44:035][  0]LogStreaming: Display: Took  0.471s to InitEngineTextLocalization.
[2019.03.02-05.42.44:036][  0]LogInit: Setting process to per monitor DPI aware
[2019.03.02-05.42.44:193][  0]LogSlate: New Slate User Created.  User Index 0, Is Virtual User: 0
[2019.03.02-05.42.44:193][  0]LogSlate: Slate User Registered.  User Index 0, Is Virtual User: 0
[2019.03.02-05.42.49:217][  0]LogHMD: Failed to initialize OpenVR with code 110
[2019.03.02-05.42.49:217][  0]LogD3D11RHI: D3D11 adapters:
[2019.03.02-05.42.49:407][  0]LogD3D11RHI:    0. 'AMD Radeon (TM) R9 380 Series' (Feature Level 11_0)
[2019.03.02-05.42.49:407][  0]LogD3D11RHI:       4071/0/8149 MB DedicatedVideo/DedicatedSystem/SharedSystem, Outputs:1, VendorId:0x1002
[2019.03.02-05.42.49:412][  0]LogD3D11RHI:    1. 'Microsoft Basic Render Driver' (Feature Level 11_0)
[2019.03.02-05.42.49:412][  0]LogD3D11RHI:       0/0/8149 MB DedicatedVideo/DedicatedSystem/SharedSystem, Outputs:0, VendorId:0x1414
[2019.03.02-05.42.49:412][  0]LogD3D11RHI: Chosen D3D11 Adapter: 0
[2019.03.02-05.42.49:433][  0]LogD3D11RHI: Creating new Direct3DDevice
[2019.03.02-05.42.49:434][  0]LogD3D11RHI:     GPU DeviceId: 0x6939 (for the marketing name, search the web for "GPU Device Id")
[2019.03.02-05.42.49:434][  0]LogWindows: EnumDisplayDevices:
[2019.03.02-05.42.49:434][  0]LogWindows:    0. 'AMD Radeon (TM) R9 380 Series' (P:1 D:1)
[2019.03.02-05.42.49:435][  0]LogWindows:    1. 'AMD Radeon (TM) R9 380 Series' (P:0 D:0)
[2019.03.02-05.42.49:436][  0]LogWindows:    2. 'AMD Radeon (TM) R9 380 Series' (P:0 D:0)
[2019.03.02-05.42.49:437][  0]LogWindows:    3. 'AMD Radeon (TM) R9 380 Series' (P:0 D:0)
[2019.03.02-05.42.49:439][  0]LogWindows:    4. 'AMD Radeon (TM) R9 380 Series' (P:0 D:0)
[2019.03.02-05.42.49:440][  0]LogWindows:    5. 'AMD Radeon (TM) R9 380 Series' (P:0 D:0)
[2019.03.02-05.42.49:441][  0]LogWindows:    6. 'AMD Radeon (TM) R9 380 Series' (P:0 D:0)
[2019.03.02-05.42.49:442][  0]LogWindows:    7. 'AMD Radeon (TM) R9 380 Series' (P:0 D:0)
[2019.03.02-05.42.49:442][  0]LogWindows:    8. 'AMD Radeon (TM) R9 380 Series' (P:0 D:0)
[2019.03.02-05.42.49:443][  0]LogWindows:    9. 'AMD Radeon (TM) R9 380 Series' (P:0 D:0)
[2019.03.02-05.42.49:444][  0]LogWindows:    10. 'AMD Radeon (TM) R9 380 Series' (P:0 D:0)
[2019.03.02-05.42.49:445][  0]LogWindows:    11. 'AMD Radeon (TM) R9 380 Series' (P:0 D:0)
[2019.03.02-05.42.49:446][  0]LogWindows:    12. 'AMD Radeon (TM) R9 380 Series' (P:0 D:0)
[2019.03.02-05.42.49:447][  0]LogWindows:    13. 'AMD Radeon (TM) R9 380 Series' (P:0 D:0)
[2019.03.02-05.42.49:448][  0]LogWindows:    14. 'AMD Radeon (TM) R9 380 Series' (P:0 D:0)
[2019.03.02-05.42.49:449][  0]LogWindows:    15. 'AMD Radeon (TM) R9 380 Series' (P:0 D:0)
[2019.03.02-05.42.49:450][  0]LogWindows: DebugString: FoundDriverCount:16 
[2019.03.02-05.42.49:450][  0]LogD3D11RHI:     Adapter Name: AMD Radeon (TM) R9 380 Series
[2019.03.02-05.42.49:450][  0]LogD3D11RHI:   Driver Version: Adrenalin 18.2.2 (internal:23.20.15017.4003, unified:23.20.15017.4003)
[2019.03.02-05.42.49:450][  0]LogD3D11RHI:      Driver Date: 2-6-2018
[2019.03.02-05.42.49:450][  0]LogRHI: Texture pool is 2850 MB (70% of 4071 MB)
[2019.03.02-05.42.49:597][  0]LogD3D11RHI: Async texture creation enabled
[2019.03.02-05.42.49:613][  0]LogD3D11RHI: GPU Timing Frequency: 27.000000 (Debug: 2 1)
[2019.03.02-05.42.49:616][  0]LogShaderCompilers: Guid format shader working directory is -36 characters bigger than the processId version (../../../../../../Users/nhfir/Documents/GitHub/NH_AssetPipeline/NH_WhiteboxInClass/Intermediate/Shaders/WorkingDirectory/8468/).
[2019.03.02-05.42.49:616][  0]LogShaderCompilers: Cleaned the shader compiler working directory 'C:/Users/nhfir/AppData/Local/Temp/UnrealShaderWorkingDir/32B643EB4379945F9DA283867484C91E/'.
[2019.03.02-05.42.50:110][  0]LogTemp: Display: Loaded TP AllDesktopTargetPlatform
[2019.03.02-05.42.50:124][  0]LogTemp: Display: Loaded TP MacClientTargetPlatform
[2019.03.02-05.42.50:139][  0]LogTemp: Display: Loaded TP MacNoEditorTargetPlatform
[2019.03.02-05.42.50:154][  0]LogTemp: Display: Loaded TP MacServerTargetPlatform
[2019.03.02-05.42.50:184][  0]LogTemp: Display: Loaded TP MacTargetPlatform
[2019.03.02-05.42.50:198][  0]LogTemp: Display: Loaded TP WindowsClientTargetPlatform
[2019.03.02-05.42.50:211][  0]LogTemp: Display: Loaded TP WindowsNoEditorTargetPlatform
[2019.03.02-05.42.50:225][  0]LogTemp: Display: Loaded TP WindowsServerTargetPlatform
[2019.03.02-05.42.50:232][  0]LogTemp: Display: Loaded TP WindowsTargetPlatform
[2019.03.02-05.42.50:323][  0]LogTemp: Display: Loaded TP AndroidTargetPlatform
[2019.03.02-05.42.50:323][  0]LogTemp: Display: Loaded TP AndroidTargetPlatform
[2019.03.02-05.42.50:324][  0]LogTemp: Display: Loaded TP AndroidTargetPlatform
[2019.03.02-05.42.50:324][  0]LogTemp: Display: Loaded TP AndroidTargetPlatform
[2019.03.02-05.42.50:324][  0]LogTemp: Display: Loaded TP AndroidTargetPlatform
[2019.03.02-05.42.50:324][  0]LogTemp: Display: Loaded TP AndroidTargetPlatform
[2019.03.02-05.42.50:324][  0]LogTemp: Display: Loaded TP AndroidTargetPlatform
[2019.03.02-05.42.50:324][  0]LogTemp: Display: Loaded TP AndroidTargetPlatform
[2019.03.02-05.42.50:324][  0]LogTemp: Display: Loaded TP AndroidTargetPlatform
[2019.03.02-05.42.50:324][  0]LogTemp: Display: Loaded TP AndroidTargetPlatform
[2019.03.02-05.42.50:324][  0]LogTemp: Display: Loaded TP AndroidTargetPlatform
[2019.03.02-05.42.50:324][  0]LogTemp: Display: Loaded TP AndroidTargetPlatform
[2019.03.02-05.42.50:324][  0]LogTemp: Display: Loaded TP AndroidTargetPlatform
[2019.03.02-05.42.50:324][  0]LogTemp: Display: Loaded TP AndroidTargetPlatform
[2019.03.02-05.42.50:324][  0]LogTemp: Display: Loaded TP AndroidTargetPlatform
[2019.03.02-05.42.50:324][  0]LogTemp: Display: Loaded TP AndroidTargetPlatform
[2019.03.02-05.42.50:324][  0]LogTemp: Display: Loaded TP AndroidTargetPlatform
[2019.03.02-05.42.50:324][  0]LogTemp: Display: Loaded TP AndroidTargetPlatform
[2019.03.02-05.42.50:325][  0]LogTemp: Display: Loaded TP HTML5TargetPlatform
[2019.03.02-05.42.50:404][  0]LogTemp: Display: Loaded TP IOSTargetPlatform
[2019.03.02-05.42.50:404][  0]LogTemp: Display: Loaded TP IOSTargetPlatform
[2019.03.02-05.42.50:426][  0]LogTemp: Display: Loaded TP TVOSTargetPlatform
[2019.03.02-05.42.50:426][  0]LogTemp: Display: Loaded TP TVOSTargetPlatform
[2019.03.02-05.42.50:439][  0]LogTemp: Display: Loaded TP LinuxClientTargetPlatform
[2019.03.02-05.42.50:451][  0]LogTemp: Display: Loaded TP LinuxNoEditorTargetPlatform
[2019.03.02-05.42.50:464][  0]LogTemp: Display: Loaded TP LinuxServerTargetPlatform
[2019.03.02-05.42.50:496][  0]LogTemp: Display: Loaded TP LinuxTargetPlatform
[2019.03.02-05.42.50:506][  0]LogTemp: Display: Loaded TP LuminTargetPlatform
[2019.03.02-05.42.50:506][  0]LogTargetPlatformManager: Display: Building Assets For Windows
[2019.03.02-05.42.50:588][  0]LogXGEController: Cannot use XGE Controller as Incredibuild is not installed on this machine.
[2019.03.02-05.42.50:588][  0]LogShaderCompilers: Cannot use XGE Shader Compiler as Incredibuild is not installed on this machine.
[2019.03.02-05.42.50:588][  0]LogShaderCompilers: Display: Using Local Shader Compiler.
[2019.03.02-05.42.54:671][  0]LogDerivedDataCache: Display: Max Cache Size: 512 MB
[2019.03.02-05.42.54:724][  0]LogDerivedDataCache: Loaded boot cache 0.05s 71MB C:/Users/nhfir/AppData/Local/UnrealEngine/4.20/DerivedDataCache/Boot.ddc.
[2019.03.02-05.42.54:725][  0]LogDerivedDataCache: Display: Loaded Boot cache: C:/Users/nhfir/AppData/Local/UnrealEngine/4.20/DerivedDataCache/Boot.ddc
[2019.03.02-05.42.54:725][  0]LogDerivedDataCache: FDerivedDataBackendGraph:  Pak pak cache file ../../../../../../Users/nhfir/Documents/GitHub/NH_AssetPipeline/NH_WhiteboxInClass/DerivedDataCache/DDC.ddp not found, will not use a pak cache.
[2019.03.02-05.42.54:725][  0]LogDerivedDataCache: Unable to find inner node Pak for hierarchical cache Hierarchy.
[2019.03.02-05.42.54:725][  0]LogDerivedDataCache: FDerivedDataBackendGraph:  CompressedPak pak cache file ../../../../../../Users/nhfir/Documents/GitHub/NH_AssetPipeline/NH_WhiteboxInClass/DerivedDataCache/Compressed.ddp not found, will not use a pak cache.
[2019.03.02-05.42.54:725][  0]LogDerivedDataCache: Unable to find inner node CompressedPak for hierarchical cache Hierarchy.
[2019.03.02-05.42.54:737][  0]LogDerivedDataCache: Display: Pak cache opened for reading ../../../Engine/DerivedDataCache/Compressed.ddp.
[2019.03.02-05.42.54:750][  0]LogDerivedDataCache: Using Local data cache path C:/Users/nhfir/AppData/Local/UnrealEngine/Common/DerivedDataCache: Writable
[2019.03.02-05.42.54:750][  0]LogDerivedDataCache: Shared data cache path not found in *engine.ini, will not use an Shared cache.
[2019.03.02-05.42.54:750][  0]LogDerivedDataCache: Unable to find inner node Shared for hierarchical cache Hierarchy.
[2019.03.02-05.42.54:766][  0]LogMaterial: Verifying Global Shaders for PCD3D_SM5
[2019.03.02-05.42.54:768][  0]LogSlate: Using FreeType 2.6.0
[2019.03.02-05.42.54:795][  0]LogSlate: SlateFontServices - WITH_FREETYPE: 1, WITH_HARFBUZZ: 1
[2019.03.02-05.42.56:400][  0]LogAssetRegistry: FAssetRegistry took 0.0321 seconds to start up
[2019.03.02-05.42.56:726][  0]LogInit: Selected Device Profile: [Windows]
[2019.03.02-05.42.56:886][  0]LogSimplygon: Simplygon DLL not present - disabling.
[2019.03.02-05.42.56:890][  0]LogMeshReduction: Using SimplygonSwarm for distributed automatic mesh merging
[2019.03.02-05.42.56:890][  0]LogMeshReduction: Using ProxyLODMeshReduction for automatic mesh merging
[2019.03.02-05.42.56:890][  0]LogMeshReduction: Using QuadricMeshReduction for automatic static mesh reduction
[2019.03.02-05.42.56:890][  0]LogMeshReduction: No automatic skeletal mesh reduction module available
[2019.03.02-05.42.56:906][  0]LogNetVersion: NH_WhiteboxInClass 1.0.0, NetCL: 4212847, EngineNetVer: 5, GameNetVer: 0 (Checksum: 2714859150)
[2019.03.02-05.42.57:474][  0]LogPackageLocalizationCache: Processed 11 localized package path(s) for 2 prioritized culture(s) in 0.168630 seconds
[2019.03.02-05.42.57:480][  0]LogUObjectArray: 38425 objects as part of root set at end of initial load.
[2019.03.02-05.42.57:480][  0]LogUObjectAllocator: 6690864 out of 0 bytes used by permanent object pool.
[2019.03.02-05.42.57:480][  0]LogUObjectArray: CloseDisregardForGC: 0/0 objects in disregard for GC pool
[2019.03.02-05.43.16:770][  0]LogTcpMessaging: Initializing TcpMessaging bridge
[2019.03.02-05.43.16:784][  0]LogUdpMessaging: Initializing bridge on interface 0.0.0.0:0 to multicast group 230.0.0.1:6666.
[2019.03.02-05.43.17:311][  0]SourceControl: Source control is disabled
[2019.03.02-05.43.17:312][  0]SourceControl: Source control is disabled
[2019.03.02-05.43.17:313][  0]SourceControl: Source control is disabled
[2019.03.02-05.43.17:314][  0]SourceControl: Source control is disabled
[2019.03.02-05.43.17:632][  0]LogAndroidPermission: UAndroidPermissionCallbackProxy::GetInstance
[2019.03.02-05.43.17:718][  0]LogOcInput: OculusInput pre-init called
[2019.03.02-05.43.17:812][  0]LogEngine: Initializing Engine...
[2019.03.02-05.43.17:813][  0]LogHMD: Failed to initialize OpenVR with code 110
[2019.03.02-05.43.17:814][  0]LogStats: UGameplayTagsManager::ConstructGameplayTagTree: ImportINI prefixes -  0.000 s
[2019.03.02-05.43.17:814][  0]LogStats: UGameplayTagsManager::ConstructGameplayTagTree: Construct from data asset -  0.000 s
[2019.03.02-05.43.17:814][  0]LogStats: UGameplayTagsManager::ConstructGameplayTagTree: ImportINI -  0.000 s
[2019.03.02-05.43.17:814][  0]LogStats: UGameplayTagsManager::ConstructGameplayTagTree: GameplayTagTreeChangedEvent.Broadcast -  0.000 s
[2019.03.02-05.43.18:022][  0]LogInit: Initializing FReadOnlyCVARCache
[2019.03.02-05.43.18:034][  0]LogAIModule: Creating AISystem for world Untitled
[2019.03.02-05.43.18:054][  0]LogInit: XAudio2 using 'Headset Earphone (2- Corsair VOID Wireless Gaming Dongle)' : 2 channels at 48 kHz using 16 bits per sample (channel mask 0x3)
[2019.03.02-05.43.18:083][  0]LogInit: FAudioDevice initialized.
[2019.03.02-05.43.18:083][  0]LogNetVersion: Set ProjectVersion to 1.0.0.0. Version Checksum will be recalculated on next use.
[2019.03.02-05.43.18:243][  0]LogDerivedDataCache: Saved boot cache 0.16s 71MB C:/Users/nhfir/AppData/Local/UnrealEngine/4.20/DerivedDataCache/Boot.ddc.
[2019.03.02-05.43.18:266][  0]LogInit: Texture streaming: Enabled
[2019.03.02-05.43.18:329][  0]LogEngineSessionManager: EngineSessionManager initialized
[2019.03.02-05.43.18:344][  0]LogInit: Transaction tracking system initialized
[2019.03.02-05.43.18:368][  0]BlueprintLog: New page: Editor Load
[2019.03.02-05.43.18:495][  0]LocalizationService: Localization service is disabled
[2019.03.02-05.43.18:782][  0]LogCook: Display: Max memory allowance for cook 16384mb min free memory 0mb
[2019.03.02-05.43.18:782][  0]LogCook: Display: Mobile HDR setting 1
[2019.03.02-05.43.18:782][  0]LogGameplayTags: Display: UGameplayTagsManager::DoneAddingNativeTags. DelegateIsBound: 0
[2019.03.02-05.43.18:782][  0]LogStats: UGameplayTagsManager::ConstructGameplayTagTree: ImportINI prefixes -  0.000 s
[2019.03.02-05.43.18:782][  0]LogStats: UGameplayTagsManager::ConstructGameplayTagTree: Construct from data asset -  0.000 s
[2019.03.02-05.43.18:782][  0]LogStats: UGameplayTagsManager::ConstructGameplayTagTree: ImportINI -  0.000 s
[2019.03.02-05.43.18:782][  0]LogStats: UGameplayTagsManager::ConstructGameplayTagTree: GameplayTagTreeChangedEvent.Broadcast -  0.000 s
[2019.03.02-05.43.19:248][  0]LogFileCache: Scanning file cache for directory 'C:/Users/nhfir/Documents/GitHub/NH_AssetPipeline/NH_WhiteboxInClass/Content/' took 0.02s
[2019.03.02-05.43.19:248][  0]SourceControl: Source control is disabled
[2019.03.02-05.43.19:248][  0]Cmd: MAP LOAD FILE="../../../Engine/Content/Maps/Templates/Template_Default.umap" TEMPLATE=1 SHOWPROGRESS=1 FEATURELEVEL=3
[2019.03.02-05.43.19:262][  0]LightingResults: New page: Lighting Build
[2019.03.02-05.43.19:264][  0]MapCheck: New page: Map Check
[2019.03.02-05.43.19:265][  0]LightingResults: New page: Lighting Build
[2019.03.02-05.43.19:503][  0]LogAIModule: Creating AISystem for world Untitled_1
[2019.03.02-05.43.19:510][  0]LogEditorServer: Finished looking for orphan Actors (0.000 secs)
[2019.03.02-05.43.19:548][  0]Cmd: MAP CHECKDEP NOCLEARLOG
[2019.03.02-05.43.19:604][  0]MapCheck: Map check complete: 0 Error(s), 0 Warning(s), took 55.124ms to complete.
[2019.03.02-05.43.19:604][  0]LogFileHelpers: Loading map 'Template_Default' took 0.356
[2019.03.02-05.43.19:820][  0]LogSlate: Updating window title bar state: overlay mode, drag disabled, window buttons hidden, title bar hidden
[2019.03.02-05.43.19:827][  0]LogSlate: Updating window title bar state: overlay mode, drag disabled, window buttons hidden, title bar hidden
[2019.03.02-05.43.19:834][  0]LogSlate: Updating window title bar state: overlay mode, drag disabled, window buttons hidden, title bar hidden
[2019.03.02-05.43.19:841][  0]LogSlate: Updating window title bar state: overlay mode, drag disabled, window buttons hidden, title bar hidden
[2019.03.02-05.43.19:851][  0]LogCollectionManager: Loaded 0 collections in 0.001892 seconds
[2019.03.02-05.43.19:913][  0]LogFileCache: Scanning file cache for directory 'C:/Users/nhfir/Documents/GitHub/NH_AssetPipeline/NH_WhiteboxInClass/Saved/Collections/' took 0.01s
[2019.03.02-05.43.19:913][  0]LogFileCache: Scanning file cache for directory 'C:/Users/nhfir/Documents/GitHub/NH_AssetPipeline/NH_WhiteboxInClass/Content/Developers/nhfir/Collections/' took 0.01s
[2019.03.02-05.43.19:913][  0]LogFileCache: Scanning file cache for directory 'C:/Users/nhfir/Documents/GitHub/NH_AssetPipeline/NH_WhiteboxInClass/Content/Collections/' took 0.01s
[2019.03.02-05.43.19:913][  0]LogCollectionManager: Rebuilt the GUID cache for 0 collections in 0.000001 seconds
[2019.03.02-05.43.19:941][  0]LogContentBrowser: Native class hierarchy populated in 0.0279 seconds. Added 2572 classes and 603 folders.
[2019.03.02-05.43.19:961][  0]LogContentBrowser: Native class hierarchy updated for 'WidgetCarousel' in 0.0007 seconds. Added 0 classes and 0 folders.
[2019.03.02-05.43.20:839][  0]LogContentBrowser: Native class hierarchy updated for 'AddContentDialog' in 0.0003 seconds. Added 0 classes and 0 folders.
[2019.03.02-05.43.20:845][  0]LogContentBrowser: Native class hierarchy updated for 'SceneOutliner' in 0.0003 seconds. Added 1 classes and 2 folders.
[2019.03.02-05.43.21:020][  0]LogSlate: Took 0.032550 seconds to synchronously load lazily loaded font '../../../Engine/Content/Slate/Fonts/Roboto-Regular.ttf' (155K)
[2019.03.02-05.43.21:033][  0]LogSlate: Took 0.010267 seconds to synchronously load lazily loaded font '../../../Engine/Content/Slate/Fonts/Roboto-Bold.ttf' (160K)
[2019.03.02-05.43.21:051][  0]LogSlate: Took 0.011717 seconds to synchronously load lazily loaded font '../../../Engine/Content/Editor/Slate/Fonts/FontAwesome.ttf' (139K)
[2019.03.02-05.43.21:198][  0]LogRenderer: Reallocating scene render targets to support 1288x672 Format 10 NumSamples 1 (Frame:1).
[2019.03.02-05.43.21:635][  0]LogContentBrowser: Native class hierarchy updated for 'HierarchicalLODOutliner' in 0.0002 seconds. Added 0 classes and 0 folders.
[2019.03.02-05.43.21:635][  0]LogLoad: (Engine Initialization) Total time: 42.59 seconds
[2019.03.02-05.43.21:635][  0]LogLoad: (Engine Initialization) Total Blueprint compile time: 0.00 seconds
[2019.03.02-05.43.21:670][  0]LogContentStreaming: Texture pool size now 1000 MB
[2019.03.02-05.43.21:714][  0]LogSlate: Took 0.015482 seconds to synchronously load lazily loaded font '../../../Engine/Content/Slate/Fonts/Roboto-Light.ttf' (167K)
[2019.03.02-05.43.21:760][  1]LogAssetRegistry: Asset discovery search completed in 25.3830 seconds
[2019.03.02-05.43.21:761][  1]LogCollectionManager: Rebuilt the object cache for 0 collections in 0.000000 seconds (found 0 objects)
[2019.03.02-05.43.21:761][  1]LogCollectionManager: Fixed up redirectors for 0 collections in 0.000046 seconds (updated 0 objects)
[2019.03.02-05.43.23:102][  5]LogSlate: Took 0.000508 seconds to synchronously load lazily loaded font '../../../Engine/Content/Slate/Fonts/Roboto-Light.ttf' (167K)
[2019.03.02-05.43.59:662][385]LogSlate: FSceneViewport::OnFocusLost() reason 0
[2019.03.02-05.44.54:352][593]LogFactory: FactoryCreateFile: StaticMesh with FbxFactory (0 0 ../../../../../../Users/nhfir/Documents/GitHub/NH_AssetPipeline/NH_BlockModel/scenes/NH_GasSignBlock.obj)
[2019.03.02-05.44.54:515][593]LogFbx: Loading FBX Scene from ../../../../../../Users/nhfir/Documents/GitHub/NH_AssetPipeline/NH_BlockModel/scenes/NH_GasSignBlock.obj
[2019.03.02-05.44.54:530][593]LogFbx: FBX Scene Loaded Succesfully
[2019.03.02-05.45.06:207][593]LogTexture: Display: Building textures: SampleGraphic (AutoDXT, 512X512)
[2019.03.02-05.45.06:207][593]LogTexture: Display: Building textures: Seamless_002 (AutoDXT, 2048X2048)
[2019.03.02-05.45.06:207][593]LogTexture: Display: Building textures: Seamless_002_Normal (BC5, 2048X2048)
[2019.03.02-05.45.06:210][593]LogMaterial: Display: Missing cached shader map for material M_WoodBlockNH, compiling. 
[2019.03.02-05.45.06:405][593]LogShaderCompilers: Display: Shaders left to compile 31
[2019.03.02-05.45.06:405][593]LogShaderCompilers: Display: Shaders left to compile 21
[2019.03.02-05.45.06:405][593]LogShaderCompilers: Display: Shaders left to compile 11
[2019.03.02-05.45.08:313][593]LogShaderCompilers: Display: Shaders left to compile 1
[2019.03.02-05.45.14:189][593]LogSlate: Window 'FBX Import Options' being destroyed
[2019.03.02-05.45.14:719][593]LogFbx: Warning: Triangulating static mesh pCube4
[2019.03.02-05.45.14:828][593]LogStaticMesh: Building static mesh NH_GasSignBlock...
[2019.03.02-05.45.14:854][593]LogStaticMesh: Built static mesh [0.03s] /Game/Maps/NH_GasSignBlock.NH_GasSignBlock
[2019.03.02-05.45.17:722][775]LogActorFactory: Actor Factory created NH_GasSignBlock
[2019.03.02-05.45.19:184][885]LogActorFactory: Actor Factory created NH_GasSignBlock
[2019.03.02-05.45.34:913][435]Cmd: TRANSACTION UNDO
[2019.03.02-05.45.34:913][435]LogEditorTransaction: Undo Move Actors
[2019.03.02-05.45.50:308][741]LogSlate: FSceneViewport::OnFocusLost() reason 0
[2019.03.02-05.45.52:848][985]LogAssetEditorManager: Opening Asset editor for Material /Game/Materials/M_WoodBlockNH.M_WoodBlockNH
[2019.03.02-05.45.52:916][985]LogMaterial: Display: Missing cached shader map for material M_WoodBlockNH, compiling. 
[2019.03.02-05.45.54:109][985]LogMaterial: Display: Missing cached shader map for material M_WoodBlockNH, compiling. 
[2019.03.02-05.45.54:162][985]LogShaderCompilers: Display: Shaders left to compile 30
[2019.03.02-05.45.54:162][985]LogShaderCompilers: Display: Shaders left to compile 29
[2019.03.02-05.45.54:162][985]LogShaderCompilers: Display: Shaders left to compile 28
[2019.03.02-05.45.54:167][985]LogMaterial: Display: Missing cached shader map for material M_WoodBlockNH, compiling. 
[2019.03.02-05.45.54:227][985]LogMaterial: Display: Missing cached shader map for material FMatExpressionPreview MaterialExpressionTextureSample_1, compiling. 
[2019.03.02-05.45.54:232][985]LogMaterial: Display: Missing cached shader map for material FMatExpressionPreview MaterialExpressionTextureSample_0, compiling. 
[2019.03.02-05.45.54:237][985]LogMaterial: Display: Missing cached shader map for material FMatExpressionPreview MaterialExpressionTextureSampleParameter2D_1, compiling. 
[2019.03.02-05.45.54:242][985]LogMaterial: Display: Missing cached shader map for material FMatExpressionPreview MaterialExpressionVectorParameter_0, compiling. 
[2019.03.02-05.45.54:294][985]LogSlate: Took 0.016108 seconds to synchronously load lazily loaded font '../../../Engine/Content/Slate/Fonts/Roboto-BoldCondensed.ttf' (158K)
[2019.03.02-05.45.54:695][986]LogShaderCompilers: Display: Shaders left to compile 38
[2019.03.02-05.45.54:705][986]LogSlate: Took 0.006802 seconds to synchronously load lazily loaded font '../../../Engine/Content/Slate/Fonts/Roboto-Italic.ttf' (157K)
[2019.03.02-05.45.54:768][990]LogShaderCompilers: Display: Shaders left to compile 37
[2019.03.02-05.45.54:800][992]LogShaderCompilers: Display: Shaders left to compile 36
[2019.03.02-05.45.55:094][ 14]LogShaderCompilers: Display: Shaders left to compile 35
[2019.03.02-05.45.55:171][ 20]LogShaderCompilers: Display: Shaders left to compile 34
[2019.03.02-05.45.55:184][ 21]LogShaderCompilers: Display: Shaders left to compile 33
[2019.03.02-05.45.55:397][ 38]LogShaderCompilers: Display: Shaders left to compile 32
[2019.03.02-05.45.55:448][ 42]LogShaderCompilers: Display: Shaders left to compile 31
[2019.03.02-05.45.55:452][ 42]LogShaderCompilers: Display: Shaders left to compile 30
[2019.03.02-05.45.55:648][ 58]LogShaderCompilers: Display: Shaders left to compile 29
[2019.03.02-05.45.55:673][ 60]LogShaderCompilers: Display: Shaders left to compile 28
[2019.03.02-05.45.55:736][ 65]LogShaderCompilers: Display: Shaders left to compile 27
[2019.03.02-05.45.56:177][100]LogShaderCompilers: Display: Shaders left to compile 26
[2019.03.02-05.45.56:301][110]LogShaderCompilers: Display: Shaders left to compile 25
[2019.03.02-05.45.56:376][116]LogShaderCompilers: Display: Shaders left to compile 24
[2019.03.02-05.45.56:764][147]LogShaderCompilers: Display: Shaders left to compile 23
[2019.03.02-05.45.56:819][151]LogShaderCompilers: Display: Shaders left to compile 22
[2019.03.02-05.45.56:930][160]LogShaderCompilers: Display: Shaders left to compile 21
[2019.03.02-05.45.57:320][191]LogShaderCompilers: Display: Shaders left to compile 20
[2019.03.02-05.45.57:357][194]LogShaderCompilers: Display: Shaders left to compile 19
[2019.03.02-05.45.57:445][201]LogShaderCompilers: Display: Shaders left to compile 18
[2019.03.02-05.45.57:823][231]LogShaderCompilers: Display: Shaders left to compile 17
[2019.03.02-05.45.57:945][241]LogShaderCompilers: Display: Shaders left to compile 16
[2019.03.02-05.45.57:958][242]LogShaderCompilers: Display: Shaders left to compile 15
[2019.03.02-05.45.58:286][268]LogShaderCompilers: Display: Shaders left to compile 14
[2019.03.02-05.45.58:399][277]LogShaderCompilers: Display: Shaders left to compile 13
[2019.03.02-05.45.58:536][288]LogShaderCompilers: Display: Shaders left to compile 12
[2019.03.02-05.45.58:849][313]LogShaderCompilers: Display: Shaders left to compile 11
[2019.03.02-05.45.58:974][323]LogShaderCompilers: Display: Shaders left to compile 10
[2019.03.02-05.45.59:139][336]LogShaderCompilers: Display: Shaders left to compile 9
[2019.03.02-05.45.59:362][354]LogShaderCompilers: Display: Shaders left to compile 8
[2019.03.02-05.45.59:464][362]LogShaderCompilers: Display: Shaders left to compile 7
[2019.03.02-05.45.59:511][366]LogShaderCompilers: Display: Shaders left to compile 6
[2019.03.02-05.45.59:542][367]MaterialEditorStats: Base pass shader: 118 instructions
[2019.03.02-05.45.59:542][367]MaterialEditorStats: Base pass shader with Surface Lightmap: 135 instructions
[2019.03.02-05.45.59:542][367]MaterialEditorStats: Base pass shader with Volumetric Lightmap: 192 instructions
[2019.03.02-05.45.59:542][367]MaterialEditorStats: Base pass vertex shader: 36 instructions
[2019.03.02-05.45.59:542][367]MaterialEditorStats: Texture samplers: 6/16
[2019.03.02-05.45.59:542][367]MaterialEditorStats: Texture Lookups (Est.): VS(0), PS(3)
[2019.03.02-05.45.59:542][367]MaterialEditorStats: User interpolators: 2/4 Scalars (1/4 Vectors) (TexCoords: 2, Custom: 0)
[2019.03.02-05.45.59:773][385]LogShaderCompilers: Display: Shaders left to compile 5
[2019.03.02-05.45.59:783][386]LogShaderCompilers: Display: Shaders left to compile 4
[2019.03.02-05.45.59:974][401]LogShaderCompilers: Display: Shaders left to compile 3
[2019.03.02-05.46.00:150][415]LogShaderCompilers: Display: Shaders left to compile 2
[2019.03.02-05.46.00:266][424]LogShaderCompilers: Display: Shaders left to compile 1
[2019.03.02-05.46.17:682][803]LogSlate: Window 'M_WoodBlockNH' being destroyed
[2019.03.02-05.46.17:687][803]LogSlate: Window 'M_WoodBlockNH' being destroyed
[2019.03.02-05.52.13:369][823]LogSlate: Window 'Message' being destroyed
[2019.03.02-05.52.16:371][948]LogFactory: FactoryCreateFile: StaticMesh with FbxFactory (0 0 ../../../../../../Users/nhfir/Documents/GitHub/NH_AssetPipeline/NH_BlockModel/scenes/NH_GasPumpBlock.obj)
[2019.03.02-05.52.16:383][948]LogFbx: Loading FBX Scene from ../../../../../../Users/nhfir/Documents/GitHub/NH_AssetPipeline/NH_BlockModel/scenes/NH_GasPumpBlock.obj
[2019.03.02-05.52.16:387][948]LogFbx: FBX Scene Loaded Succesfully
[2019.03.02-05.52.22:299][948]LogSlate: Window 'FBX Import Options' being destroyed
[2019.03.02-05.52.22:322][948]LogFbx: Warning: Triangulating static mesh pCube3
[2019.03.02-05.52.22:340][948]LogStaticMesh: Building static mesh NH_GasPumpBlock...
[2019.03.02-05.52.22:344][948]LogStaticMesh: Built static mesh [0.00s] /Game/Maps/NH_GasPumpBlock.NH_GasPumpBlock
[2019.03.02-05.52.24:094][ 61]LogActorFactory: Actor Factory created NH_GasPumpBlock
[2019.03.02-05.52.24:745][113]LogActorFactory: Actor Factory created NH_GasPumpBlock
[2019.03.02-05.53.22:257][201]LogSavePackage: Moving '../../../../../../Users/nhfir/Documents/GitHub/NH_AssetPipeline/NH_WhiteboxInClass/Saved/Untitled_1_Auto1754558BF4420ADDF8F0D0D9290FC062B.tmp' to '../../../../../../Users/nhfir/Documents/GitHub/NH_AssetPipeline/NH_WhiteboxInClass/Saved/Autosaves/Temp/Untitled_1_Auto1.umap'
[2019.03.02-05.53.22:269][201]LogFileHelpers: Editor autosave (incl. sublevels) for '/Temp/Untitled_1' took 0.186
[2019.03.02-05.53.22:269][201]LogFileHelpers: Editor autosave (incl. sublevels) for all levels took 0.186
[2019.03.02-05.53.22:272][201]OBJ SavePackage: Generating thumbnails for [1] asset(s) in package [/Game/Maps/NH_GasSignBlock] ([1] browsable assets)...
[2019.03.02-05.53.22:296][201]OBJ SavePackage:     Rendered thumbnail for [StaticMesh /Game/Maps/NH_GasSignBlock.NH_GasSignBlock]
[2019.03.02-05.53.22:296][201]OBJ SavePackage: Finished generating thumbnails for package [/Game/Maps/NH_GasSignBlock]
[2019.03.02-05.53.22:332][201]LogSavePackage: Moving '../../../../../../Users/nhfir/Documents/GitHub/NH_AssetPipeline/NH_WhiteboxInClass/Saved/NH_GasSignBlock_Auto1B5DA886344196E2CF65F5B99331F38BA.tmp' to '../../../../../../Users/nhfir/Documents/GitHub/NH_AssetPipeline/NH_WhiteboxInClass/Saved/Autosaves/Game/Maps/NH_GasSignBlock_Auto1.uasset'
[2019.03.02-05.53.22:334][201]OBJ SavePackage: Generating thumbnails for [1] asset(s) in package [/Game/Maps/initialShadingGroup] ([1] browsable assets)...
[2019.03.02-05.53.22:347][201]OBJ SavePackage:     Rendered thumbnail for [MaterialInstanceConstant /Game/Maps/initialShadingGroup.initialShadingGroup]
[2019.03.02-05.53.22:347][201]OBJ SavePackage: Finished generating thumbnails for package [/Game/Maps/initialShadingGroup]
[2019.03.02-05.53.22:364][201]LogSavePackage: Moving '../../../../../../Users/nhfir/Documents/GitHub/NH_AssetPipeline/NH_WhiteboxInClass/Saved/initialShadingGroup_Auto15250CF13483F48A0606BA1A40BE5827D.tmp' to '../../../../../../Users/nhfir/Documents/GitHub/NH_AssetPipeline/NH_WhiteboxInClass/Saved/Autosaves/Game/Maps/initialShadingGroup_Auto1.uasset'
[2019.03.02-05.53.22:365][201]OBJ SavePackage: Generating thumbnails for [1] asset(s) in package [/Game/Maps/NH_GasPumpBlock] ([1] browsable assets)...
[2019.03.02-05.53.22:380][201]OBJ SavePackage:     Rendered thumbnail for [StaticMesh /Game/Maps/NH_GasPumpBlock.NH_GasPumpBlock]
[2019.03.02-05.53.22:380][201]OBJ SavePackage: Finished generating thumbnails for package [/Game/Maps/NH_GasPumpBlock]
[2019.03.02-05.53.22:397][201]LogSavePackage: Moving '../../../../../../Users/nhfir/Documents/GitHub/NH_AssetPipeline/NH_WhiteboxInClass/Saved/NH_GasPumpBlock_Auto1A5196A5841FB912400284C9A7B4FBB67.tmp' to '../../../../../../Users/nhfir/Documents/GitHub/NH_AssetPipeline/NH_WhiteboxInClass/Saved/Autosaves/Game/Maps/NH_GasPumpBlock_Auto1.uasset'
[2019.03.02-05.53.22:420][201]LogFileHelpers: Auto-saving content packages took 0.150
[2019.03.02-05.54.39:338][480]LogEditorViewport: Clicking on Actor (LMB): StaticMeshActor (NH_GasSignBlock)
[2019.03.02-05.54.40:194][568]Cmd: DELETE
[2019.03.02-05.54.40:194][568]Cmd: ACTOR DELETE
[2019.03.02-05.54.40:408][568]LogEditorActor: Deleted Actor: StaticMeshActor
[2019.03.02-05.54.40:454][568]LogEditorActor: Deleted 1 Actors (0.074 secs)
[2019.03.02-05.54.41:803][634]LogSlate: FSceneViewport::OnFocusLost() reason 0
[2019.03.02-05.54.44:805][710]LogSlate: Window 'Delete Assets' being destroyed
[2019.03.02-05.54.48:830][842]LogFactory: FactoryCreateFile: StaticMesh with FbxFactory (0 0 ../../../../../../Users/nhfir/Documents/GitHub/NH_AssetPipeline/NH_BlockModel/scenes/NH_GasSignBlock.obj)
[2019.03.02-05.54.48:839][842]LogFbx: Loading FBX Scene from ../../../../../../Users/nhfir/Documents/GitHub/NH_AssetPipeline/NH_BlockModel/scenes/NH_GasSignBlock.obj
[2019.03.02-05.54.48:844][842]LogFbx: FBX Scene Loaded Succesfully
[2019.03.02-05.54.51:461][842]LogSlate: Window 'FBX Import Options' being destroyed
[2019.03.02-05.54.51:482][842]LogFbx: Warning: Triangulating static mesh pCube4
[2019.03.02-05.54.51:506][842]LogStaticMesh: Building static mesh NH_GasSignBlock...
[2019.03.02-05.54.51:512][842]LogStaticMesh: Built static mesh [0.01s] /Game/Maps/NH_GasSignBlock.NH_GasSignBlock
[2019.03.02-05.54.53:070][951]LogActorFactory: Actor Factory created NH_GasSignBlock
[2019.03.02-05.54.53:331][970]LogActorFactory: Actor Factory created NH_GasSignBlock
[2019.03.02-05.55.43:517][749]Cmd: DELETE
[2019.03.02-05.55.43:517][749]Cmd: ACTOR DELETE
[2019.03.02-05.55.43:519][749]LogEditorActor: Deleted Actor: StaticMeshActor
[2019.03.02-05.55.43:541][749]LogEditorActor: Deleted 1 Actors (0.024 secs)
[2019.03.02-05.55.44:694][836]LogSlate: FSceneViewport::OnFocusLost() reason 0
[2019.03.02-05.55.45:914][851]LogSlate: Window 'Delete Assets' being destroyed
[2019.03.02-05.55.50:876][ 49]LogFactory: FactoryCreateFile: StaticMesh with FbxFactory (0 0 ../../../../../../Users/nhfir/Documents/GitHub/NH_AssetPipeline/NH_BlockModel/scenes/NH_GasSignBlock.obj)
[2019.03.02-05.55.50:884][ 49]LogFbx: Loading FBX Scene from ../../../../../../Users/nhfir/Documents/GitHub/NH_AssetPipeline/NH_BlockModel/scenes/NH_GasSignBlock.obj
[2019.03.02-05.55.50:889][ 49]LogFbx: FBX Scene Loaded Succesfully
[2019.03.02-05.55.52:393][ 49]LogSlate: Window 'FBX Import Options' being destroyed
[2019.03.02-05.55.52:426][ 49]LogFbx: Warning: Triangulating static mesh pCube4
[2019.03.02-05.55.52:450][ 49]LogStaticMesh: Building static mesh NH_GasSignBlock...
[2019.03.02-05.55.52:456][ 49]LogStaticMesh: Built static mesh [0.01s] /Game/Maps/NH_GasSignBlock.NH_GasSignBlock
[2019.03.02-05.55.53:500][118]LogActorFactory: Actor Factory created NH_GasSignBlock
[2019.03.02-05.55.53:968][159]LogActorFactory: Actor Factory created NH_GasSignBlock
[2019.03.02-05.56.03:383][164]LogEditorViewport: Clicking on Actor (LMB): BP_Sky_Sphere_C (Sky Sphere)
[2019.03.02-06.00.36:227][966]LogSlate: FSceneViewport::OnFocusLost() reason 0
[2019.03.02-06.00.38:021][969]LogFactory: FactoryCreateFile: StaticMesh with FbxFactory (0 0 ../../../../../../Users/nhfir/Documents/GitHub/NH_AssetPipeline/NH_BlockModel/scenes/NH_ArchBlock.obj)
[2019.03.02-06.00.38:033][969]LogFbx: Loading FBX Scene from ../../../../../../Users/nhfir/Documents/GitHub/NH_AssetPipeline/NH_BlockModel/scenes/NH_ArchBlock.obj
[2019.03.02-06.00.38:038][969]LogFbx: FBX Scene Loaded Succesfully
[2019.03.02-06.00.39:907][969]LogSlate: Window 'FBX Import Options' being destroyed
[2019.03.02-06.00.39:941][969]LogFbx: Warning: Triangulating static mesh pCube6
[2019.03.02-06.00.39:964][969]LogStaticMesh: Building static mesh NH_ArchBlock...
[2019.03.02-06.00.39:970][969]LogStaticMesh: Built static mesh [0.01s] /Game/Maps/NH_ArchBlock.NH_ArchBlock
[2019.03.02-06.00.41:195][ 43]LogActorFactory: Actor Factory created NH_ArchBlock
[2019.03.02-06.00.42:554][166]LogActorFactory: Actor Factory created NH_ArchBlock
[2019.03.02-06.00.50:865][ 72]Cmd: DELETE
[2019.03.02-06.00.50:865][ 72]Cmd: ACTOR DELETE
[2019.03.02-06.00.50:867][ 72]LogEditorActor: Deleted Actor: StaticMeshActor
[2019.03.02-06.00.50:889][ 72]LogEditorActor: Deleted 1 Actors (0.024 secs)
[2019.03.02-06.01.29:553][586]LogSlate: FSceneViewport::OnFocusLost() reason 0
[2019.03.02-06.01.30:763][605]LogSlate: Window 'Delete Assets' being destroyed
[2019.03.02-06.01.33:370][670]LogFactory: FactoryCreateFile: StaticMesh with FbxFactory (0 0 ../../../../../../Users/nhfir/Documents/GitHub/NH_AssetPipeline/NH_BlockModel/scenes/NH_ArchBlock.obj)
[2019.03.02-06.01.33:378][670]LogFbx: Loading FBX Scene from ../../../../../../Users/nhfir/Documents/GitHub/NH_AssetPipeline/NH_BlockModel/scenes/NH_ArchBlock.obj
[2019.03.02-06.01.33:384][670]LogFbx: FBX Scene Loaded Succesfully
[2019.03.02-06.01.34:600][670]LogSlate: Window 'FBX Import Options' being destroyed
[2019.03.02-06.01.34:633][670]LogFbx: Warning: Triangulating static mesh pCube6
[2019.03.02-06.01.34:655][670]LogStaticMesh: Building static mesh NH_ArchBlock...
[2019.03.02-06.01.34:661][670]LogStaticMesh: Built static mesh [0.01s] /Game/Maps/NH_ArchBlock.NH_ArchBlock
[2019.03.02-06.01.35:839][746]LogActorFactory: Actor Factory created NH_ArchBlock
[2019.03.02-06.01.36:126][771]LogActorFactory: Actor Factory created NH_ArchBlock
[2019.03.02-06.01.44:061][636]LogEditorViewport: Clicking on Actor (LMB): BP_Sky_Sphere_C (Sky Sphere)
[2019.03.02-06.01.45:251][740]LogSlate: FSceneViewport::OnFocusLost() reason 0
[2019.03.02-06.04.17:072][970]LogSavePackage: Moving '../../../../../../Users/nhfir/Documents/GitHub/NH_AssetPipeline/NH_WhiteboxInClass/Saved/Untitled_1_Auto2EF80E0284ED3F768256E4C949437C816.tmp' to '../../../../../../Users/nhfir/Documents/GitHub/NH_AssetPipeline/NH_WhiteboxInClass/Saved/Autosaves/Temp/Untitled_1_Auto2.umap'
[2019.03.02-06.04.17:076][970]LogFileHelpers: Editor autosave (incl. sublevels) for '/Temp/Untitled_1' took 0.090
[2019.03.02-06.04.17:076][970]LogFileHelpers: Editor autosave (incl. sublevels) for all levels took 0.090
[2019.03.02-06.04.17:078][970]OBJ SavePackage: Generating thumbnails for [1] asset(s) in package [/Game/Maps/NH_GasSignBlock] ([1] browsable assets)...
[2019.03.02-06.04.17:104][970]OBJ SavePackage:     Rendered thumbnail for [StaticMesh /Game/Maps/NH_GasSignBlock.NH_GasSignBlock]
[2019.03.02-06.04.17:104][970]OBJ SavePackage: Finished generating thumbnails for package [/Game/Maps/NH_GasSignBlock]
[2019.03.02-06.04.17:129][970]LogSavePackage: Moving '../../../../../../Users/nhfir/Documents/GitHub/NH_AssetPipeline/NH_WhiteboxInClass/Saved/NH_GasSignBlock_Auto2AC59C4FB4BFAB5F50CE316B4C0324C15.tmp' to '../../../../../../Users/nhfir/Documents/GitHub/NH_AssetPipeline/NH_WhiteboxInClass/Saved/Autosaves/Game/Maps/NH_GasSignBlock_Auto2.uasset'
[2019.03.02-06.04.17:130][970]OBJ SavePackage: Generating thumbnails for [1] asset(s) in package [/Game/Maps/NH_ArchBlock] ([1] browsable assets)...
[2019.03.02-06.04.17:147][970]OBJ SavePackage:     Rendered thumbnail for [StaticMesh /Game/Maps/NH_ArchBlock.NH_ArchBlock]
[2019.03.02-06.04.17:147][970]OBJ SavePackage: Finished generating thumbnails for package [/Game/Maps/NH_ArchBlock]
[2019.03.02-06.04.17:166][970]LogSavePackage: Moving '../../../../../../Users/nhfir/Documents/GitHub/NH_AssetPipeline/NH_WhiteboxInClass/Saved/NH_ArchBlock_Auto28343B1B04120E37478791F84AAC0689C.tmp' to '../../../../../../Users/nhfir/Documents/GitHub/NH_AssetPipeline/NH_WhiteboxInClass/Saved/Autosaves/Game/Maps/NH_ArchBlock_Auto2.uasset'
[2019.03.02-06.04.17:167][970]LogFileHelpers: Auto-saving content packages took 0.090
[2019.03.02-06.04.27:454][ 45]LogSlate: Window 'Save Level As' being destroyed
[2019.03.02-06.04.27:629][ 45]LogSavePackage: Moving '../../../../../../Users/nhfir/Documents/GitHub/NH_AssetPipeline/NH_WhiteboxInClass/Saved/UVTestAF5E52274C92B84904944AAA4E920C64.tmp' to '../../../../../../Users/nhfir/Documents/GitHub/NH_AssetPipeline/NH_WhiteboxInClass/Content/Maps/UVTest.umap'
[2019.03.02-06.04.27:666][ 45]Cmd: OBJ SAVEPACKAGE PACKAGE="/Game/Maps/UVTest_BuiltData" FILE="../../../../../../Users/nhfir/Documents/GitHub/NH_AssetPipeline/NH_WhiteboxInClass/Content/Maps/UVTest_BuiltData.uasset" SILENT=true
[2019.03.02-06.04.27:701][ 45]LogSavePackage: Moving '../../../../../../Users/nhfir/Documents/GitHub/NH_AssetPipeline/NH_WhiteboxInClass/Saved/UVTest_BuiltDataAD3AE630465EE6D7086EBA989C5A6B38.tmp' to '../../../../../../Users/nhfir/Documents/GitHub/NH_AssetPipeline/NH_WhiteboxInClass/Content/Maps/UVTest_BuiltData.uasset'
[2019.03.02-06.04.27:708][ 45]LogFileHelpers: Saving map 'UVTest' took 0.218
[2019.03.02-06.04.30:718][214]LogSlate: Window 'Save Content' being destroyed
[2019.03.02-06.04.30:736][214]Cmd: OBJ SAVEPACKAGE PACKAGE="/Game/Maps/initialShadingGroup" FILE="../../../../../../Users/nhfir/Documents/GitHub/NH_AssetPipeline/NH_WhiteboxInClass/Content/Maps/initialShadingGroup.uasset" SILENT=true
[2019.03.02-06.04.30:744][214]LogSavePackage: Moving '../../../../../../Users/nhfir/Documents/GitHub/NH_AssetPipeline/NH_WhiteboxInClass/Saved/initialShadingGroup767CE82148C94AEC56911B95A9F2B284.tmp' to '../../../../../../Users/nhfir/Documents/GitHub/NH_AssetPipeline/NH_WhiteboxInClass/Content/Maps/initialShadingGroup.uasset'
[2019.03.02-06.04.30:755][214]Cmd: OBJ SAVEPACKAGE PACKAGE="/Game/Maps/NH_ArchBlock" FILE="../../../../../../Users/nhfir/Documents/GitHub/NH_AssetPipeline/NH_WhiteboxInClass/Content/Maps/NH_ArchBlock.uasset" SILENT=true
[2019.03.02-06.04.30:763][214]LogSavePackage: Moving '../../../../../../Users/nhfir/Documents/GitHub/NH_AssetPipeline/NH_WhiteboxInClass/Saved/NH_ArchBlock06784D0D45E4D017105D10B3EA0A8559.tmp' to '../../../../../../Users/nhfir/Documents/GitHub/NH_AssetPipeline/NH_WhiteboxInClass/Content/Maps/NH_ArchBlock.uasset'
[2019.03.02-06.04.30:771][214]Cmd: OBJ SAVEPACKAGE PACKAGE="/Game/Maps/NH_GasPumpBlock" FILE="../../../../../../Users/nhfir/Documents/GitHub/NH_AssetPipeline/NH_WhiteboxInClass/Content/Maps/NH_GasPumpBlock.uasset" SILENT=true
[2019.03.02-06.04.30:780][214]LogSavePackage: Moving '../../../../../../Users/nhfir/Documents/GitHub/NH_AssetPipeline/NH_WhiteboxInClass/Saved/NH_GasPumpBlock3926F63B4CE661448B4385975276B1D4.tmp' to '../../../../../../Users/nhfir/Documents/GitHub/NH_AssetPipeline/NH_WhiteboxInClass/Content/Maps/NH_GasPumpBlock.uasset'
[2019.03.02-06.04.30:788][214]Cmd: OBJ SAVEPACKAGE PACKAGE="/Game/Maps/NH_GasSignBlock" FILE="../../../../../../Users/nhfir/Documents/GitHub/NH_AssetPipeline/NH_WhiteboxInClass/Content/Maps/NH_GasSignBlock.uasset" SILENT=true
[2019.03.02-06.04.30:796][214]LogSavePackage: Moving '../../../../../../Users/nhfir/Documents/GitHub/NH_AssetPipeline/NH_WhiteboxInClass/Saved/NH_GasSignBlock8C5BEB464EFCA761F4592C99D74DB388.tmp' to '../../../../../../Users/nhfir/Documents/GitHub/NH_AssetPipeline/NH_WhiteboxInClass/Content/Maps/NH_GasSignBlock.uasset'
[2019.03.02-06.04.30:916][214]LogSlate: Window 'NH_WhiteboxInClass - Unreal Editor' being destroyed
[2019.03.02-06.04.30:917][214]LogWindowsTextInputMethodSystem: Display: IME system now deactivated.
[2019.03.02-06.04.31:390][215]Cmd: QUIT_EDITOR
[2019.03.02-06.04.31:563][215]LogExit: Preparing to exit.
[2019.03.02-06.04.32:485][215]LogExit: Editor shut down
[2019.03.02-06.04.32:485][215]LogExit: Transaction tracking system shut down
[2019.03.02-06.04.32:956][215]LogExit: Object subsystem successfully closed.
[2019.03.02-06.04.32:968][215]LogShaderCompilers: Display: Shaders left to compile 0
[2019.03.02-06.04.32:971][215]LogD3D11RHI: Shutdown
[2019.03.02-06.04.32:971][215]LogD3D11RHI: CleanupD3DDevice
[2019.03.02-06.04.32:998][215]LogD3D11RHI: ~FD3D11DynamicRHI
[2019.03.02-06.04.33:031][215]LogModuleManager: Shutting down and abandoning module MeshBuilder (614)
[2019.03.02-06.04.33:031][215]LogModuleManager: Shutting down and abandoning module HierarchicalLODOutliner (612)
[2019.03.02-06.04.33:031][215]LogModuleManager: Shutting down and abandoning module SceneOutliner (610)
[2019.03.02-06.04.33:031][215]LogModuleManager: Shutting down and abandoning module AddContentDialog (608)
[2019.03.02-06.04.33:033][215]LogModuleManager: Shutting down and abandoning module WidgetCarousel (607)
[2019.03.02-06.04.33:033][215]LogModuleManager: Shutting down and abandoning module EditorWidgets (604)
[2019.03.02-06.04.33:033][215]LogModuleManager: Shutting down and abandoning module CollectionManager (602)
[2019.03.02-06.04.33:033][215]LogModuleManager: Shutting down and abandoning module HierarchicalLODUtilities (600)
[2019.03.02-06.04.33:033][215]LogModuleManager: Shutting down and abandoning module StatsViewer (598)
[2019.03.02-06.04.33:033][215]LogModuleManager: Shutting down and abandoning module FoliageEdit (596)
[2019.03.02-06.04.33:033][215]LogModuleManager: Shutting down and abandoning module LandscapeEditor (594)
[2019.03.02-06.04.33:033][215]LogModuleManager: Shutting down and abandoning module MeshPaintMode (592)
[2019.03.02-06.04.33:033][215]LogModuleManager: Shutting down and abandoning module SceneDepthPickerMode (590)
[2019.03.02-06.04.33:033][215]LogModuleManager: Shutting down and abandoning module ActorPickerMode (588)
[2019.03.02-06.04.33:034][215]LogModuleManager: Shutting down and abandoning module GeometryMode (586)
[2019.03.02-06.04.33:034][215]LogModuleManager: Shutting down and abandoning module TextureAlignMode (584)
[2019.03.02-06.04.33:034][215]LogModuleManager: Shutting down and abandoning module BspMode (582)
[2019.03.02-06.04.33:034][215]LogModuleManager: Shutting down and abandoning module PIEPreviewDeviceProfileSelector (580)
[2019.03.02-06.04.33:034][215]LogModuleManager: Shutting down and abandoning module SequenceRecorderSections (578)
[2019.03.02-06.04.33:034][215]LogModuleManager: Shutting down and abandoning module AutomationWorker (576)
[2019.03.02-06.04.33:034][215]LogModuleManager: Shutting down and abandoning module AudioCaptureEditor (574)
[2019.03.02-06.04.33:034][215]LogModuleManager: Shutting down and abandoning module SequenceRecorder (573)
[2019.03.02-06.04.33:034][215]LogModuleManager: Shutting down and abandoning module MatineeToLevelSequence (570)
[2019.03.02-06.04.33:034][215]LogModuleManager: Shutting down and abandoning module LevelSequenceEditor (568)
[2019.03.02-06.04.33:034][215]LogModuleManager: Shutting down and abandoning module PlacementMode (567)
[2019.03.02-06.04.33:034][215]LogModuleManager: Shutting down and abandoning module MaterialEditor (566)
[2019.03.02-06.04.33:034][215]LogModuleManager: Shutting down and abandoning module WmfMediaFactory (562)
[2019.03.02-06.04.33:034][215]LogModuleManager: Shutting down and abandoning module WmfMediaEditor (560)
[2019.03.02-06.04.33:034][215]LogModuleManager: Shutting down and abandoning module MediaPlayerEditor (558)
[2019.03.02-06.04.33:034][215]LogModuleManager: Shutting down and abandoning module OpenExrWrapper (556)
[2019.03.02-06.04.33:034][215]LogModuleManager: Shutting down and abandoning module ImgMediaFactory (554)
[2019.03.02-06.04.33:034][215]LogModuleManager: Shutting down and abandoning module ImgMediaEditor (552)
[2019.03.02-06.04.33:034][215]LogModuleManager: Shutting down and abandoning module AvfMediaFactory (550)
[2019.03.02-06.04.33:034][215]LogModuleManager: Shutting down and abandoning module AvfMediaEditor (548)
[2019.03.02-06.04.33:034][215]LogModuleManager: Shutting down and abandoning module AndroidMediaFactory (546)
[2019.03.02-06.04.33:034][215]LogModuleManager: Shutting down and abandoning module AndroidMediaEditor (544)
[2019.03.02-06.04.33:034][215]LogModuleManager: Shutting down and abandoning module MagicLeapCameraPreviewFactory (542)
[2019.03.02-06.04.33:034][215]LogModuleManager: Shutting down and abandoning module MagicLeapMediaFactory (540)
[2019.03.02-06.04.33:034][215]LogModuleManager: Shutting down and abandoning module MagicLeapMediaEditor (538)
[2019.03.02-06.04.33:034][215]LogModuleManager: Shutting down and abandoning module CharacterAI (536)
[2019.03.02-06.04.33:034][215]LogModuleManager: Shutting down and abandoning module SmartSnapping (534)
[2019.03.02-06.04.33:034][215]LogModuleManager: Shutting down and abandoning module SessionServices (532)
[2019.03.02-06.04.33:034][215]LogModuleManager: Shutting down and abandoning module ViewportSnapping (530)
[2019.03.02-06.04.33:034][215]LogModuleManager: Shutting down and abandoning module ViewportInteraction (528)
[2019.03.02-06.04.33:034][215]LogModuleManager: Shutting down and abandoning module ClothPainter (526)
[2019.03.02-06.04.33:034][215]LogModuleManager: Shutting down and abandoning module SkeletalMeshEditor (525)
[2019.03.02-06.04.33:034][215]LogModuleManager: Shutting down and abandoning module LogVisualizer (522)
[2019.03.02-06.04.33:034][215]LogModuleManager: Shutting down and abandoning module IntroTutorials (520)
[2019.03.02-06.04.33:034][215]LogModuleManager: Shutting down and abandoning module GameProjectGeneration (519)
[2019.03.02-06.04.33:034][215]LogModuleManager: Shutting down and abandoning module LuminPlatformEditor (516)
[2019.03.02-06.04.33:034][215]LogModuleManager: Shutting down and abandoning module IOSPlatformEditor (514)
[2019.03.02-06.04.33:034][215]LogModuleManager: Shutting down and abandoning module HTML5PlatformEditor (512)
[2019.03.02-06.04.33:034][215]LogModuleManager: Shutting down and abandoning module AndroidPlatformEditor (510)
[2019.03.02-06.04.33:034][215]LogModuleManager: Shutting down and abandoning module AndroidDeviceDetection (509)
[2019.03.02-06.04.33:253][215]LogModuleManager: Shutting down and abandoning module WindowsPlatformEditor (506)
[2019.03.02-06.04.33:253][215]LogModuleManager: Shutting down and abandoning module LuminRuntimeSettings (504)
[2019.03.02-06.04.33:253][215]LogModuleManager: Shutting down and abandoning module IOSRuntimeSettings (502)
[2019.03.02-06.04.33:253][215]LogModuleManager: Shutting down and abandoning module AndroidRuntimeSettings (500)
[2019.03.02-06.04.33:253][215]LogModuleManager: Shutting down and abandoning module InputBindingEditor (498)
[2019.03.02-06.04.33:253][215]LogModuleManager: Shutting down and abandoning module MergeActors (496)
[2019.03.02-06.04.33:253][215]LogModuleManager: Shutting down and abandoning module LocalizationDashboard (494)
[2019.03.02-06.04.33:253][215]LogModuleManager: Shutting down and abandoning module LocalizationService (493)
[2019.03.02-06.04.33:253][215]LogModuleManager: Shutting down and abandoning module HardwareTargeting (490)
[2019.03.02-06.04.33:253][215]LogModuleManager: Shutting down and abandoning module DeviceProfileEditor (488)
[2019.03.02-06.04.33:253][215]LogModuleManager: Shutting down and abandoning module UndoHistory (486)
[2019.03.02-06.04.33:253][215]LogModuleManager: Shutting down and abandoning module XmlParser (484)
[2019.03.02-06.04.33:253][215]LogModuleManager: Shutting down and abandoning module Blutility (482)
[2019.03.02-06.04.33:253][215]LogModuleManager: Shutting down and abandoning module ProjectSettingsViewer (480)
[2019.03.02-06.04.33:253][215]LogModuleManager: Shutting down and abandoning module ProjectTargetPlatformEditor (479)
[2019.03.02-06.04.33:254][215]LogModuleManager: Shutting down and abandoning module EditorSettingsViewer (476)
[2019.03.02-06.04.33:254][215]LogModuleManager: Shutting down and abandoning module SettingsEditor (474)
[2019.03.02-06.04.33:254][215]LogModuleManager: Shutting down and abandoning module ProjectLauncher (472)
[2019.03.02-06.04.33:254][215]LogModuleManager: Shutting down and abandoning module SessionFrontend (470)
[2019.03.02-06.04.33:254][215]LogModuleManager: Shutting down and abandoning module ProfilerClient (468)
[2019.03.02-06.04.33:254][215]LogModuleManager: Shutting down and abandoning module DeviceManager (466)
[2019.03.02-06.04.33:254][215]LogModuleManager: Shutting down and abandoning module TargetDeviceServices (465)
[2019.03.02-06.04.33:309][215]LogModuleManager: Shutting down and abandoning module AutomationController (462)
[2019.03.02-06.04.33:309][215]LogModuleManager: Shutting down and abandoning module AutomationWindow (460)
[2019.03.02-06.04.33:309][215]LogModuleManager: Shutting down and abandoning module Layers (458)
[2019.03.02-06.04.33:309][215]LogModuleManager: Shutting down and abandoning module ComponentVisualizers (456)
[2019.03.02-06.04.33:309][215]LogModuleManager: Shutting down and abandoning module DetailCustomizations (454)
[2019.03.02-06.04.33:309][215]LogModuleManager: Shutting down and abandoning module PackagesDialog (452)
[2019.03.02-06.04.33:309][215]LogModuleManager: Shutting down and abandoning module Persona (450)
[2019.03.02-06.04.33:309][215]LogModuleManager: Shutting down and abandoning module AdvancedPreviewScene (449)
[2019.03.02-06.04.33:309][215]LogModuleManager: Shutting down and abandoning module AnimGraph (447)
[2019.03.02-06.04.33:309][215]LogModuleManager: Shutting down and abandoning module Kismet (444)
[2019.03.02-06.04.33:310][215]LogModuleManager: Shutting down and abandoning module GraphEditor (442)
[2019.03.02-06.04.33:310][215]LogModuleManager: Shutting down and abandoning module ClassViewer (440)
[2019.03.02-06.04.33:310][215]LogModuleManager: Shutting down and abandoning module Toolbox (438)
[2019.03.02-06.04.33:310][215]LogModuleManager: Shutting down and abandoning module ModuleUI (436)
[2019.03.02-06.04.33:310][215]LogModuleManager: Shutting down and abandoning module MovieSceneTools (434)
[2019.03.02-06.04.33:310][215]LogModuleManager: Shutting down and abandoning module OutputLog (432)
[2019.03.02-06.04.33:310][215]LogModuleManager: Shutting down and abandoning module GammaUI (430)
[2019.03.02-06.04.33:310][215]LogModuleManager: Shutting down and abandoning module Documentation (428)
[2019.03.02-06.04.33:310][215]LogModuleManager: Shutting down and abandoning module MovieSceneTracks (426)
[2019.03.02-06.04.33:310][215]LogModuleManager: Shutting down and abandoning module MovieScene (424)
[2019.03.02-06.04.33:310][215]LogModuleManager: Shutting down and abandoning module StreamingPauseRendering (422)
[2019.03.02-06.04.33:310][215]LogModuleManager: Shutting down and abandoning module LauncherPlatform (420)
[2019.03.02-06.04.33:310][215]LogModuleManager: Shutting down and abandoning module AnalyticsET (418)
[2019.03.02-06.04.33:310][215]LogModuleManager: Shutting down and abandoning module PortalServices (416)
[2019.03.02-06.04.33:310][215]LogModuleManager: Shutting down and abandoning module PortalRpc (414)
[2019.03.02-06.04.33:310][215]LogModuleManager: Shutting down and abandoning module MessagingRpc (412)
[2019.03.02-06.04.33:310][215]LogModuleManager: Shutting down and abandoning module AIModule (410)
[2019.03.02-06.04.33:310][215]LogModuleManager: Shutting down and abandoning module GameplayDebugger (409)
[2019.03.02-06.04.33:310][215]LogModuleManager: Shutting down and abandoning module AITestSuite (407)
[2019.03.02-06.04.33:310][215]LogModuleManager: Shutting down and abandoning module NavigationSystem (405)
[2019.03.02-06.04.33:310][215]LogModuleManager: Shutting down and abandoning module DesktopPlatform (402)
[2019.03.02-06.04.33:310][215]LogModuleManager: Shutting down and abandoning module ProfilerService (400)
[2019.03.02-06.04.33:356][215]LogModuleManager: Shutting down and abandoning module TaskGraph (398)
[2019.03.02-06.04.33:356][215]LogModuleManager: Shutting down and abandoning module SteamVRController (396)
[2019.03.02-06.04.33:356][215]LogModuleManager: Shutting down and abandoning module ProceduralMeshComponentEditor (394)
[2019.03.02-06.04.33:356][215]LogModuleManager: Shutting down and abandoning module ProceduralMeshComponent (392)
[2019.03.02-06.04.33:357][215]LogModuleManager: Shutting down and abandoning module OculusInput (390)
[2019.03.02-06.04.33:357][215]LogModuleManager: Shutting down and abandoning module MobilePatchingUtils (388)
[2019.03.02-06.04.33:357][215]LogModuleManager: Shutting down and abandoning module EditableMesh (386)
[2019.03.02-06.04.33:357][215]LogModuleManager: Shutting down and abandoning module CustomMeshComponent (384)
[2019.03.02-06.04.33:357][215]LogModuleManager: Shutting down and abandoning module CableComponent (382)
[2019.03.02-06.04.33:357][215]LogModuleManager: Shutting down and abandoning module AudioCapture (380)
[2019.03.02-06.04.33:357][215]LogModuleManager: Shutting down and abandoning module ArchVisCharacter (378)
[2019.03.02-06.04.33:357][215]LogModuleManager: Shutting down and abandoning module AndroidPermission (376)
[2019.03.02-06.04.33:357][215]LogModuleManager: Shutting down and abandoning module NUTUnrealEngine4 (374)
[2019.03.02-06.04.33:357][215]LogModuleManager: Shutting down and abandoning module NetcodeUnitTest (372)
[2019.03.02-06.04.33:357][215]LogModuleManager: Shutting down and abandoning module MediaCompositingEditor (370)
[2019.03.02-06.04.33:357][215]LogModuleManager: Shutting down and abandoning module MediaCompositing (368)
[2019.03.02-06.04.33:357][215]LogModuleManager: Shutting down and abandoning module LinearTimecode (366)
[2019.03.02-06.04.33:357][215]LogModuleManager: Shutting down and abandoning module ImgMedia (364)
[2019.03.02-06.04.33:362][215]LogModuleManager: Shutting down and abandoning module HTML5Networking (362)
[2019.03.02-06.04.33:362][215]LogModuleManager: Shutting down and abandoning module GeometryCacheTracks (360)
[2019.03.02-06.04.33:362][215]LogModuleManager: Shutting down and abandoning module GeometryCacheSequencer (358)
[2019.03.02-06.04.33:362][215]LogModuleManager: Shutting down and abandoning module BackChannel (356)
[2019.03.02-06.04.33:362][215]LogModuleManager: Shutting down and abandoning module AppleVision (354)
[2019.03.02-06.04.33:362][215]LogModuleManager: Shutting down and abandoning module AppleImageUtils (352)
[2019.03.02-06.04.33:362][215]LogModuleManager: Shutting down and abandoning module AlembicImporter (350)
[2019.03.02-06.04.33:362][215]LogModuleManager: Shutting down and abandoning module AlembicLibrary (349)
[2019.03.02-06.04.33:362][215]LogModuleManager: Shutting down and abandoning module GeometryCache (348)
[2019.03.02-06.04.33:362][215]LogModuleManager: Shutting down and abandoning module GeometryCacheEd (347)
[2019.03.02-06.04.33:362][215]LogModuleManager: Shutting down and abandoning module DatasmithContentEditor (342)
[2019.03.02-06.04.33:362][215]LogModuleManager: Shutting down and abandoning module DatasmithContent (340)
[2019.03.02-06.04.33:362][215]LogModuleManager: Shutting down and abandoning module SpeedTreeImporter (338)
[2019.03.02-06.04.33:362][215]LogModuleManager: Shutting down and abandoning module PluginBrowser (336)
[2019.03.02-06.04.33:362][215]LogModuleManager: Shutting down and abandoning module MobileLauncherProfileWizard (334)
[2019.03.02-06.04.33:362][215]LogModuleManager: Shutting down and abandoning module PolygonModeling (332)
[2019.03.02-06.04.33:362][215]LogModuleManager: Shutting down and abandoning module MeshEditor (330)
[2019.03.02-06.04.33:363][215]LogModuleManager: Shutting down and abandoning module CryptoKeysOpenSSL (328)
[2019.03.02-06.04.33:363][215]LogModuleManager: Shutting down and abandoning module CryptoKeys (326)
[2019.03.02-06.04.33:363][215]LogModuleManager: Shutting down and abandoning module VisualStudioSourceCodeAccess (324)
[2019.03.02-06.04.33:363][215]LogModuleManager: Shutting down and abandoning module VisualStudioCodeSourceCodeAccess (322)
[2019.03.02-06.04.33:363][215]LogModuleManager: Shutting down and abandoning module UObjectPlugin (320)
[2019.03.02-06.04.33:363][215]LogModuleManager: Shutting down and abandoning module SubversionSourceControl (318)
[2019.03.02-06.04.33:363][215]LogModuleManager: Shutting down and abandoning module PerforceSourceControl (316)
[2019.03.02-06.04.33:363][215]LogModuleManager: Shutting down and abandoning module GitSourceControl (314)
[2019.03.02-06.04.33:363][215]LogModuleManager: Shutting down and abandoning module SourceControl (313)
[2019.03.02-06.04.33:363][215]LogModuleManager: Shutting down and abandoning module CLionSourceCodeAccess (310)
[2019.03.02-06.04.33:363][215]LogModuleManager: Shutting down and abandoning module LightPropagationVolumeEditor (308)
[2019.03.02-06.04.33:363][215]LogModuleManager: Shutting down and abandoning module PaperTiledImporter (306)
[2019.03.02-06.04.33:363][215]LogModuleManager: Shutting down and abandoning module PaperSpriteSheetImporter (304)
[2019.03.02-06.04.33:363][215]LogModuleManager: Shutting down and abandoning module Paper2DEditor (302)
[2019.03.02-06.04.33:363][215]LogModuleManager: Shutting down and abandoning module MeshPaint (301)
[2019.03.02-06.04.33:363][215]LogModuleManager: Shutting down and abandoning module RuntimePhysXCooking (298)
[2019.03.02-06.04.33:363][215]LogModuleManager: Shutting down and abandoning module PhysXVehiclesEditor (296)
[2019.03.02-06.04.33:363][215]LogModuleManager: Shutting down and abandoning module PhysXVehicles (294)
[2019.03.02-06.04.33:363][215]LogModuleManager: Shutting down and abandoning module OculusEditor (292)
[2019.03.02-06.04.33:363][215]LogModuleManager: Shutting down and abandoning module LocationServicesBPLibrary (290)
[2019.03.02-06.04.33:363][215]LogModuleManager: Shutting down and abandoning module ImmediatePhysicsEditor (288)
[2019.03.02-06.04.33:363][215]LogModuleManager: Shutting down and abandoning module ImmediatePhysics (286)
[2019.03.02-06.04.33:363][215]LogModuleManager: Shutting down and abandoning module ActorSequence (284)
[2019.03.02-06.04.33:363][215]LogModuleManager: Shutting down and abandoning module UdpMessaging (282)
[2019.03.02-06.04.33:464][215]LogModuleManager: Shutting down and abandoning module TcpMessaging (280)
[2019.03.02-06.04.33:565][215]LogModuleManager: Shutting down and abandoning module MagicLeapAudio (278)
[2019.03.02-06.04.33:565][215]LogModuleManager: Shutting down and abandoning module GameplayTagsEditor (276)
[2019.03.02-06.04.33:565][215]LogModuleManager: Shutting down and abandoning module FacialAnimationEditor (274)
[2019.03.02-06.04.33:565][215]LogModuleManager: Shutting down and abandoning module FacialAnimation (272)
[2019.03.02-06.04.33:565][215]LogModuleManager: Shutting down and abandoning module DataValidation (270)
[2019.03.02-06.04.33:565][215]LogModuleManager: Shutting down and abandoning module AssetManagerEditor (268)
[2019.03.02-06.04.33:565][215]LogModuleManager: Shutting down and abandoning module LevelEditor (267)
[2019.03.02-06.04.33:565][215]LogModuleManager: Shutting down and abandoning module PixelInspectorModule (266)
[2019.03.02-06.04.33:565][215]LogModuleManager: Shutting down and abandoning module CommonMenuExtensions (264)
[2019.03.02-06.04.33:566][215]LogModuleManager: Shutting down and abandoning module MainFrame (262)
[2019.03.02-06.04.33:566][215]LogModuleManager: Shutting down and abandoning module HotReload (261)
[2019.03.02-06.04.33:566][215]LogModuleManager: Shutting down and abandoning module ContentBrowser (257)
[2019.03.02-06.04.33:567][215]LogModuleManager: Shutting down and abandoning module TreeMap (255)
[2019.03.02-06.04.33:567][215]LogModuleManager: Shutting down and abandoning module LightPropagationVolumeRuntime (252)
[2019.03.02-06.04.33:567][215]LogModuleManager: Shutting down and abandoning module AISupportModule (250)
[2019.03.02-06.04.33:567][215]LogModuleManager: Shutting down and abandoning module Paper2D (248)
[2019.03.02-06.04.33:567][215]LogModuleManager: Shutting down and abandoning module WindowsMoviePlayer (246)
[2019.03.02-06.04.33:567][215]LogModuleManager: Shutting down and abandoning module WmfMedia (244)
[2019.03.02-06.04.33:570][215]LogModuleManager: Shutting down and abandoning module Media (243)
[2019.03.02-06.04.33:577][215]LogModuleManager: Shutting down and abandoning module PacketHandler (240)
[2019.03.02-06.04.33:577][215]LogModuleManager: Shutting down and abandoning module ClothingSystemEditor (238)
[2019.03.02-06.04.33:577][215]LogModuleManager: Shutting down and abandoning module ClothingSystemRuntime (236)
[2019.03.02-06.04.33:578][215]LogModuleManager: Shutting down and abandoning module MediaAssets (234)
[2019.03.02-06.04.33:578][215]LogModuleManager: Shutting down and abandoning module Overlay (232)
[2019.03.02-06.04.33:578][215]LogModuleManager: Shutting down and abandoning module OverlayEditor (231)
[2019.03.02-06.04.33:578][215]LogModuleManager: Shutting down and abandoning module VREditor (228)
[2019.03.02-06.04.33:578][215]LogModuleManager: Shutting down and abandoning module StringTableEditor (226)
[2019.03.02-06.04.33:578][215]LogModuleManager: Shutting down and abandoning module GameplayTasksEditor (224)
[2019.03.02-06.04.33:578][215]LogModuleManager: Shutting down and abandoning module BehaviorTreeEditor (222)
[2019.03.02-06.04.33:578][215]LogModuleManager: Shutting down and abandoning module FunctionalTesting (220)
[2019.03.02-06.04.33:578][215]LogModuleManager: Shutting down and abandoning module CollisionAnalyzer (218)
[2019.03.02-06.04.33:578][215]LogModuleManager: Shutting down and abandoning module WorkspaceMenuStructure (217)
[2019.03.02-06.04.33:578][215]LogModuleManager: Shutting down and abandoning module UMG (214)
[2019.03.02-06.04.33:578][215]LogModuleManager: Shutting down and abandoning module UMGEditor (213)
[2019.03.02-06.04.33:578][215]LogModuleManager: Shutting down and abandoning module Sequencer (212)
[2019.03.02-06.04.33:578][215]LogModuleManager: Shutting down and abandoning module MessageLog (209)
[2019.03.02-06.04.33:578][215]LogModuleManager: Shutting down and abandoning module SlateReflector (204)
[2019.03.02-06.04.33:578][215]LogModuleManager: Shutting down and abandoning module Slate (202)
[2019.03.02-06.04.33:578][215]LogModuleManager: Shutting down and abandoning module EditorStyle (200)
[2019.03.02-06.04.33:580][215]LogModuleManager: Shutting down and abandoning module MRMesh (198)
[2019.03.02-06.04.33:580][215]LogModuleManager: Shutting down and abandoning module SourceCodeAccess (196)
[2019.03.02-06.04.33:580][215]LogModuleManager: Shutting down and abandoning module HeadMountedDisplay (194)
[2019.03.02-06.04.33:580][215]LogModuleManager: Shutting down and abandoning module XAudio2 (192)
[2019.03.02-06.04.33:580][215]LogModuleManager: Shutting down and abandoning module Networking (190)
[2019.03.02-06.04.33:580][215]LogModuleManager: Shutting down and abandoning module Core (188)
[2019.03.02-06.04.33:580][215]LogModuleManager: Shutting down and abandoning module LevelSequence (186)
[2019.03.02-06.04.33:580][215]LogModuleManager: Shutting down and abandoning module KismetCompiler (184)
[2019.03.02-06.04.33:580][215]LogModuleManager: Shutting down and abandoning module MeshUtilities (182)
[2019.03.02-06.04.33:580][215]LogModuleManager: Shutting down and abandoning module MeshMergeUtilities (181)
[2019.03.02-06.04.33:580][215]LogModuleManager: Shutting down and abandoning module MeshReductionInterface (180)
[2019.03.02-06.04.33:580][215]LogModuleManager: Shutting down and abandoning module SimplygonSwarm (179)
[2019.03.02-06.04.33:580][215]LogModuleManager: Shutting down and abandoning module ProxyLODMeshReduction (177)
[2019.03.02-06.04.33:580][215]LogModuleManager: Shutting down and abandoning module SimplygonMeshReduction (175)
[2019.03.02-06.04.33:580][215]LogModuleManager: Shutting down and abandoning module QuadricMeshReduction (173)
[2019.03.02-06.04.33:580][215]LogModuleManager: Shutting down and abandoning module MaterialBaking (169)
[2019.03.02-06.04.33:580][215]LogModuleManager: Shutting down and abandoning module DirectoryWatcher (165)
[2019.03.02-06.04.33:580][215]LogModuleManager: Shutting down and abandoning module DerivedDataCache (162)
[2019.03.02-06.04.33:587][215]LogDerivedDataCache: Shutdown
[2019.03.02-06.04.33:587][215]LogModuleManager: Shutting down and abandoning module XGEController (160)
[2019.03.02-06.04.33:587][215]LogModuleManager: Shutting down and abandoning module TargetPlatform (158)
[2019.03.02-06.04.33:587][215]LogModuleManager: Shutting down and abandoning module VulkanShaderFormat (157)
[2019.03.02-06.04.33:587][215]LogModuleManager: Shutting down and abandoning module ShaderFormatVectorVM (155)
[2019.03.02-06.04.33:587][215]LogModuleManager: Shutting down and abandoning module ShaderFormatOpenGL (153)
[2019.03.02-06.04.33:587][215]LogModuleManager: Shutting down and abandoning module ShaderFormatD3D (151)
[2019.03.02-06.04.33:587][215]LogModuleManager: Shutting down and abandoning module MetalShaderFormat (149)
[2019.03.02-06.04.33:587][215]LogModuleManager: Shutting down and abandoning module TextureFormatUncompressed (147)
[2019.03.02-06.04.33:587][215]LogModuleManager: Shutting down and abandoning module TextureFormatPVR (145)
[2019.03.02-06.04.33:587][215]LogModuleManager: Shutting down and abandoning module TextureFormatDXT (143)
[2019.03.02-06.04.33:587][215]LogModuleManager: Shutting down and abandoning module TextureFormatIntelISPCTexComp (141)
[2019.03.02-06.04.33:588][215]LogModuleManager: Shutting down and abandoning module TextureFormatASTC (139)
[2019.03.02-06.04.33:588][215]LogModuleManager: Shutting down and abandoning module ImageWrapper (138)
[2019.03.02-06.04.33:588][215]LogModuleManager: Shutting down and abandoning module TextureFormatAndroid (135)
[2019.03.02-06.04.33:588][215]LogModuleManager: Shutting down and abandoning module AudioFormatOpus (133)
[2019.03.02-06.04.33:588][215]LogModuleManager: Shutting down and abandoning module AudioFormatOgg (131)
[2019.03.02-06.04.33:588][215]LogModuleManager: Shutting down and abandoning module AudioFormatADPCM (129)
[2019.03.02-06.04.33:588][215]LogModuleManager: Shutting down and abandoning module LuminTargetPlatform (127)
[2019.03.02-06.04.33:588][215]LogModuleManager: Shutting down and abandoning module LinuxTargetPlatform (125)
[2019.03.02-06.04.33:588][215]LogModuleManager: Shutting down and abandoning module LinuxServerTargetPlatform (123)
[2019.03.02-06.04.33:588][215]LogModuleManager: Shutting down and abandoning module LinuxNoEditorTargetPlatform (121)
[2019.03.02-06.04.33:588][215]LogModuleManager: Shutting down and abandoning module LinuxClientTargetPlatform (119)
[2019.03.02-06.04.33:588][215]LogModuleManager: Shutting down and abandoning module TVOSTargetPlatform (117)
[2019.03.02-06.04.33:589][215]LogModuleManager: Shutting down and abandoning module Messaging (115)
[2019.03.02-06.04.33:589][215]LogModuleManager: Shutting down and abandoning module IOSTargetPlatform (113)
[2019.03.02-06.04.33:590][215]LogModuleManager: Shutting down and abandoning module HTML5TargetPlatform (111)
[2019.03.02-06.04.33:590][215]LogModuleManager: Shutting down and abandoning module AndroidTargetPlatform (109)
[2019.03.02-06.04.33:598][215]LogModuleManager: Shutting down and abandoning module WindowsTargetPlatform (107)
[2019.03.02-06.04.33:598][215]LogModuleManager: Shutting down and abandoning module WindowsServerTargetPlatform (105)
[2019.03.02-06.04.33:598][215]LogModuleManager: Shutting down and abandoning module WindowsNoEditorTargetPlatform (103)
[2019.03.02-06.04.33:598][215]LogModuleManager: Shutting down and abandoning module WindowsClientTargetPlatform (101)
[2019.03.02-06.04.33:598][215]LogModuleManager: Shutting down and abandoning module MacTargetPlatform (99)
[2019.03.02-06.04.33:598][215]LogModuleManager: Shutting down and abandoning module MacServerTargetPlatform (97)
[2019.03.02-06.04.33:598][215]LogModuleManager: Shutting down and abandoning module MacNoEditorTargetPlatform (95)
[2019.03.02-06.04.33:598][215]LogModuleManager: Shutting down and abandoning module MacClientTargetPlatform (93)
[2019.03.02-06.04.33:599][215]LogModuleManager: Shutting down and abandoning module AllDesktopTargetPlatform (91)
[2019.03.02-06.04.33:599][215]LogModuleManager: Shutting down and abandoning module InputCore (88)
[2019.03.02-06.04.33:599][215]LogModuleManager: Shutting down and abandoning module Settings (86)
[2019.03.02-06.04.33:599][215]LogModuleManager: Shutting down and abandoning module PhysXCooking (84)
[2019.03.02-06.04.33:599][215]LogModuleManager: Shutting down and abandoning module SteamVR (82)
[2019.03.02-06.04.33:599][215]LogModuleManager: Shutting down and abandoning module OculusHMD (80)
[2019.03.02-06.04.33:599][215]LogModuleManager: Shutting down and abandoning module ExampleDeviceProfileSelector (78)
[2019.03.02-06.04.33:599][215]LogModuleManager: Shutting down and abandoning module LauncherChunkInstaller (76)
[2019.03.02-06.04.33:599][215]LogModuleManager: Shutting down and abandoning module OnlineBlueprintSupport (74)
[2019.03.02-06.04.33:599][215]LogModuleManager: Shutting down and abandoning module OnlineSubsystem (70)
[2019.03.02-06.04.33:599][215]LogModuleManager: Shutting down and abandoning module XMPP (65)
[2019.03.02-06.04.33:599][215]LogModuleManager: Shutting down and abandoning module WebSockets (64)
[2019.03.02-06.04.33:634][215]LogModuleManager: Shutting down and abandoning module HTTP (61)
[2019.03.02-06.04.33:634][215]LogHttp: Display: Http module shutting down, but needs to wait on 1 outstanding Http requests:
[2019.03.02-06.04.33:634][215]LogHttp: Display: 	verb=[POST] url=[https://datarouter.ol.epicgames.com/datarouter/api/v1/public/data?SessionID=%7B07D8792A-4799-6F84-D107-5E9863B16EA1%7D&AppID=UEEditor.Rocket.Release&AppVersion=4.20.3-4369336%2B%2B%2BUE4%2BRelease-4.20&UserID=0f2908e940e587456438a690d29b6b5b%7Cb7acc16359894a0385e15219901d5e7d%7Cf2d424b2-16af-43f0-9293-cf7cfbac4dda&AppEnvironment=datacollector-binary&UploadType=eteventstream] status=Processing
[2019.03.02-06.04.33:644][215]LogModuleManager: Shutting down and abandoning module SSL (60)
[2019.03.02-06.04.33:645][215]LogModuleManager: Shutting down and abandoning module MagicLeapEmulator (56)
[2019.03.02-06.04.33:645][215]LogModuleManager: Shutting down and abandoning module MagicLeapPrivileges (54)
[2019.03.02-06.04.33:645][215]LogModuleManager: Shutting down and abandoning module MagicLeapIdentity (52)
[2019.03.02-06.04.33:645][215]LogModuleManager: Shutting down and abandoning module MagicLeapHelperVulkan (50)
[2019.03.02-06.04.33:645][215]LogModuleManager: Shutting down and abandoning module MagicLeapHelperOpenGL (48)
[2019.03.02-06.04.33:645][215]LogModuleManager: Shutting down and abandoning module MagicLeapSecureStorage (46)
[2019.03.02-06.04.33:645][215]LogModuleManager: Shutting down and abandoning module MagicLeapGestures (44)
[2019.03.02-06.04.33:645][215]LogModuleManager: Shutting down and abandoning module MagicLeapEyeTracker (42)
[2019.03.02-06.04.33:645][215]LogModuleManager: Shutting down and abandoning module MagicLeapController (40)
[2019.03.02-06.04.33:645][215]LogSlate: Slate User Destroyed.  User Index 0, Is Virtual User: 0
[2019.03.02-06.04.33:645][215]LogModuleManager: Shutting down and abandoning module MagicLeap (38)
[2019.03.02-06.04.33:645][215]LogModuleManager: Shutting down and abandoning module AnimationModifiers (36)
[2019.03.02-06.04.33:645][215]LogModuleManager: Shutting down and abandoning module PropertyEditor (35)
[2019.03.02-06.04.33:645][215]LogModuleManager: Shutting down and abandoning module AudioEditor (32)
[2019.03.02-06.04.33:645][215]LogModuleManager: Shutting down and abandoning module TextureCompressor (30)
[2019.03.02-06.04.33:645][215]LogModuleManager: Shutting down and abandoning module ShaderCore (28)
[2019.03.02-06.04.33:645][215]LogModuleManager: Shutting down and abandoning module Landscape (26)
[2019.03.02-06.04.33:645][215]LogModuleManager: Shutting down and abandoning module SlateRHIRenderer (24)
[2019.03.02-06.04.33:646][215]LogModuleManager: Shutting down and abandoning module OpenGLDrv (22)
[2019.03.02-06.04.33:646][215]LogModuleManager: Shutting down and abandoning module D3D11RHI (20)
[2019.03.02-06.04.33:646][215]LogModuleManager: Shutting down and abandoning module AnimGraphRuntime (18)
[2019.03.02-06.04.33:646][215]LogModuleManager: Shutting down and abandoning module Renderer (16)
[2019.03.02-06.04.33:646][215]LogModuleManager: Shutting down and abandoning module Engine (14)
[2019.03.02-06.04.33:646][215]LogModuleManager: Shutting down and abandoning module CoreUObject (12)
[2019.03.02-06.04.33:646][215]LogModuleManager: Shutting down and abandoning module NetworkFile (10)
[2019.03.02-06.04.33:646][215]LogModuleManager: Shutting down and abandoning module CookedIterativeFile (8)
[2019.03.02-06.04.33:646][215]LogModuleManager: Shutting down and abandoning module StreamingFile (6)
[2019.03.02-06.04.33:646][215]LogModuleManager: Shutting down and abandoning module SandboxFile (4)
[2019.03.02-06.04.33:646][215]LogModuleManager: Shutting down and abandoning module PakFile (2)
[2019.03.02-06.04.33:650][215]LogExit: Exiting.
[2019.03.02-06.04.33:678][215]Log file closed, 03/01/19 23:04:33
