Log file open, 05/04/19 12:17:36
LogWindows: Failed to load 'aqProf.dll' (GetLastError=126)
LogWindows: File 'aqProf.dll' does not exist
LogWindows: Failed to load 'VSPerf140.dll' (GetLastError=126)
LogWindows: File 'VSPerf140.dll' does not exist
LogWindows: Failed to load 'VtuneApi.dll' (GetLastError=126)
LogWindows: File 'VtuneApi.dll' does not exist
LogWindows: Failed to load 'VtuneApi32e.dll' (GetLastError=126)
LogWindows: File 'VtuneApi32e.dll' does not exist
LogInit: Display: Running engine for game: NH_WhiteboxInClass
LogPlatformFile: Not using cached read wrapper
LogTaskGraph: Started task graph with 5 named threads and 14 total threads with 3 sets of task threads.
LogStats: Stats thread started at 16.473766
LogD3D11RHI: Loaded GFSDK_Aftermath_Lib.x64.dll
LogICUInternationalization: Display: ICU TimeZone Detection - Raw Offset: -7:00, Platform Override: ''
LogPluginManager: Mounting plugin Paper2D
LogPluginManager: Mounting plugin AISupport
LogPluginManager: Mounting plugin LightPropagationVolume
LogPluginManager: Mounting plugin CLionSourceCodeAccess
LogPluginManager: Mounting plugin CodeLiteSourceCodeAccess
LogPluginManager: Mounting plugin GitSourceControl
LogPluginManager: Mounting plugin KDevelopSourceCodeAccess
LogPluginManager: Mounting plugin NullSourceCodeAccess
LogPluginManager: Mounting plugin PerforceSourceControl
LogPluginManager: Mounting plugin SubversionSourceControl
LogPluginManager: Mounting plugin UObjectPlugin
LogPluginManager: Mounting plugin VisualStudioCodeSourceCodeAccess
LogPluginManager: Mounting plugin VisualStudioSourceCodeAccess
LogPluginManager: Mounting plugin XCodeSourceCodeAccess
LogPluginManager: Mounting plugin AssetManagerEditor
LogPluginManager: Mounting plugin CryptoKeys
LogPluginManager: Mounting plugin DataValidation
LogPluginManager: Mounting plugin FacialAnimation
LogPluginManager: Mounting plugin GameplayTagsEditor
LogPluginManager: Mounting plugin MacGraphicsSwitching
LogPluginManager: Mounting plugin MeshEditor
LogPluginManager: Mounting plugin MobileLauncherProfileWizard
LogPluginManager: Mounting plugin PluginBrowser
LogPluginManager: Mounting plugin SpeedTreeImporter
LogPluginManager: Mounting plugin DatasmithContent
LogPluginManager: Mounting plugin AlembicImporter
LogPluginManager: Mounting plugin AppleImageUtils
LogPluginManager: Mounting plugin AppleVision
LogPluginManager: Mounting plugin BackChannel
LogPluginManager: Mounting plugin CharacterAI
LogPluginManager: Mounting plugin GeometryCache
LogPluginManager: Mounting plugin HTML5Networking
LogPluginManager: Mounting plugin ProxyLODPlugin
LogPluginManager: Mounting plugin MagicLeap
LogPluginManager: Mounting plugin MagicLeapEmulator
LogPluginManager: Mounting plugin MagicLeapMedia
LogPluginManager: Mounting plugin AndroidMedia
LogPluginManager: Mounting plugin AvfMedia
LogPluginManager: Mounting plugin ImgMedia
LogPluginManager: Mounting plugin LinearTimecode
LogPluginManager: Mounting plugin MediaCompositing
LogPluginManager: Mounting plugin MediaPlayerEditor
LogPluginManager: Mounting plugin WmfMedia
LogPluginManager: Mounting plugin TcpMessaging
LogPluginManager: Mounting plugin UdpMessaging
LogPluginManager: Mounting plugin ActorSequence
LogPluginManager: Mounting plugin LevelSequenceEditor
LogPluginManager: Mounting plugin MatineeToLevelSequence
LogPluginManager: Mounting plugin NetcodeUnitTest
LogPluginManager: Mounting plugin NUTUnrealEngine4
LogPluginManager: Mounting plugin OnlineSubsystemGooglePlay
LogPluginManager: Mounting plugin OnlineSubsystemIOS
LogPluginManager: Mounting plugin OnlineSubsystem
LogPluginManager: Mounting plugin OnlineSubsystemNull
LogPluginManager: Mounting plugin OnlineSubsystemUtils
LogPluginManager: Mounting plugin LauncherChunkInstaller
LogPluginManager: Mounting plugin AndroidDeviceProfileSelector
LogPluginManager: Mounting plugin AndroidMoviePlayer
LogPluginManager: Mounting plugin AndroidPermission
LogPluginManager: Mounting plugin AppleMoviePlayer
LogPluginManager: Mounting plugin ArchVisCharacter
LogPluginManager: Mounting plugin AudioCapture
LogPluginManager: Mounting plugin CableComponent
LogPluginManager: Mounting plugin CustomMeshComponent
LogPluginManager: Mounting plugin EditableMesh
LogPluginManager: Mounting plugin ExampleDeviceProfileSelector
LogPluginManager: Mounting plugin GoogleCloudMessaging
LogPluginManager: Mounting plugin ImmediatePhysics
LogPluginManager: Mounting plugin IOSDeviceProfileSelector
LogPluginManager: Mounting plugin LinuxDeviceProfileSelector
LogPluginManager: Mounting plugin LocationServicesBPLibrary
LogPluginManager: Mounting plugin MobilePatchingUtils
LogPluginManager: Mounting plugin OculusVR
LogPluginManager: Plugin shader directory ../../../Engine/Plugins/Runtime/Oculus/OculusVR/Shaders found
LogPluginManager: Mapping shader source directory ../../../Engine/Plugins/Runtime/Oculus/OculusVR/Shaders to virtual directory /Plugin/OculusVR
LogPluginManager: Mounting plugin PhysXVehicles
LogPluginManager: Mounting plugin ProceduralMeshComponent
LogPluginManager: Mounting plugin RuntimePhysXCooking
LogPluginManager: Mounting plugin SteamVR
LogPluginManager: Mounting plugin WindowsMoviePlayer
LogStreaming: Display: Took  3.520s to configure plugins.
LogInit: Using libcurl 7.55.1-DEV
LogInit:  - built for x86_64-pc-win32
LogInit:  - supports SSL with OpenSSL/1.0.2h
LogInit:  - supports HTTP deflate (compression) using libz 1.2.8
LogInit:  - other features:
LogInit:      CURL_VERSION_SSL
LogInit:      CURL_VERSION_LIBZ
LogInit:      CURL_VERSION_IPV6
LogInit:      CURL_VERSION_ASYNCHDNS
LogInit:      CURL_VERSION_LARGEFILE
LogInit:      CURL_VERSION_IDN
LogInit:  CurlRequestOptions (configurable via config and command line):
LogInit:  - bVerifyPeer = false  - Libcurl will NOT verify peer certificate
LogInit:  - bUseHttpProxy = false  - Libcurl will NOT use HTTP proxy
LogInit:  - bDontReuseConnections = false  - Libcurl will reuse connections
LogInit:  - CertBundlePath = nullptr  - Libcurl will use whatever was configured at build time.
LogInit:  - MaxHostConnections = 16  - Libcurl will limit the number of connections to a host
LogInit:  - LocalHostAddr = Default
LogInit:  - BufferSize = 65536
LogInit: WinSock: version 1.1 (2.2), MaxSocks=32767, MaxUdp=65467
LogInit: Build: ++UE4+Release-4.20-CL-4369336
LogInit: Engine Version: 4.20.3-4369336+++UE4+Release-4.20
LogInit: Compatible Engine Version: 4.20.0-4212847+++UE4+Release-4.20
LogInit: Net CL: 4212847
LogInit: OS: Windows 10 (), CPU: Intel(R) Core(TM) i5-6500 CPU @ 3.20GHz, GPU: AMD Radeon (TM) R9 380 Series
LogInit: Compiled (64-bit): Sep 17 2018 12:26:19
LogInit: Compiled with Visual C++: 19.13.26129.00
LogInit: Build Configuration: Development
LogInit: Branch Name: ++UE4+Release-4.20
LogInit: Command Line:  
LogInit: Base Directory: C:/Program Files/Epic Games/UE_4.20/Engine/Binaries/Win64/
LogInit: Installed Engine Build: 1
LogDevObjectVersion: Number of dev versions registered: 20
LogDevObjectVersion:   Dev-Blueprints (B0D832E4-1F89-4F0D-ACCF-7EB736FD4AA2): 10
LogDevObjectVersion:   Dev-Build (E1C64328-A22C-4D53-A36C-8E866417BD8C): 0
LogDevObjectVersion:   Dev-Core (375EC13C-06E4-48FB-B500-84F0262A717E): 2
LogDevObjectVersion:   Dev-Editor (E4B068ED-F494-42E9-A231-DA0B2E46BB41): 24
LogDevObjectVersion:   Dev-Framework (CFFC743F-43B0-4480-9391-14DF171D2073): 34
LogDevObjectVersion:   Dev-Mobile (B02B49B5-BB20-44E9-A304-32B752E40360): 2
LogDevObjectVersion:   Dev-Networking (A4E4105C-59A1-49B5-A7C5-40C4547EDFEE): 0
LogDevObjectVersion:   Dev-Online (39C831C9-5AE6-47DC-9A44-9C173E1C8E7C): 0
LogDevObjectVersion:   Dev-Physics (78F01B33-EBEA-4F98-B9B4-84EACCB95AA2): 0
LogDevObjectVersion:   Dev-Platform (6631380F-2D4D-43E0-8009-CF276956A95A): 0
LogDevObjectVersion:   Dev-Rendering (12F88B9F-8875-4AFC-A67C-D90C383ABD29): 26
LogDevObjectVersion:   Dev-Sequencer (7B5AE74C-D270-4C10-A958-57980B212A5A): 9
LogDevObjectVersion:   Dev-VR (D7296918-1DD6-4BDD-9DE2-64A83CC13884): 2
LogDevObjectVersion:   Dev-LoadTimes (C2A15278-BFE7-4AFE-6C17-90FF531DF755): 1
LogDevObjectVersion:   Private-Geometry (6EACA3D4-40EC-4CC1-B786-8BED09428FC5): 3
LogDevObjectVersion:   Dev-AnimPhys (29E575DD-E0A3-4627-9D10-D276232CDCEA): 17
LogDevObjectVersion:   Dev-ReflectionCapture (6B266CEC-1EC7-4B8F-A30B-E4D90942FC07): 1
LogDevObjectVersion:   Dev-Automation (0DF73D61-A23F-47EA-B727-89E90C41499A): 1
LogDevObjectVersion:   FortniteMain (601D1886-AC64-4F84-AA16-D3DE0DEAC7D6): 12
LogDevObjectVersion:   Dev-Enterprise (9DFFBCD6-494F-0158-E221-12823C92A888): 1
LogStreaming: Display: Took  0.015s to delete old logs.
LogInit: Presizing for max 8388607 objects, including 0 objects not considered by GC, pre-allocating 0 bytes for permanent pool.
LogInit: Object subsystem initialized
[2019.05.04-18.17.45:899][  0]LogInit: Selected Device Profile: [Windows]
[2019.05.04-18.17.45:899][  0]LogInit: Applying CVar settings loaded from the selected device profile: [Windows]
[2019.05.04-18.17.45:953][  0]LogHAL: Display: Platform has ~ 16 GB [17091248128 / 17179869184 / 16], which maps to Larger [LargestMinGB=32, LargerMinGB=12, DefaultMinGB=8, SmallerMinGB=6, SmallestMinGB=0)
[2019.05.04-18.17.45:955][  0]LogInit: Setting Device Profile CVar: [[r.Vulkan.UseRealUBs:1]]
[2019.05.04-18.17.45:955][  0]LogInit: Going up to parent DeviceProfile []
[2019.05.04-18.17.46:006][  0]LogInit: Computer: NATHAN-DESKTOP
[2019.05.04-18.17.46:007][  0]LogInit: User: nhfir
[2019.05.04-18.17.46:007][  0]LogInit: CPU Page size=4096, Cores=4
[2019.05.04-18.17.46:007][  0]LogInit: High frequency timer resolution =3.117193 MHz
[2019.05.04-18.17.46:007][  0]LogMemory: Memory total: Physical=15.9GB (16GB approx)
[2019.05.04-18.17.46:007][  0]LogMemory: Platform Memory Stats for Windows
[2019.05.04-18.17.46:007][  0]LogMemory: Process Physical Memory: 100.23 MB used, 100.23 MB peak
[2019.05.04-18.17.46:007][  0]LogMemory: Process Virtual Memory: 84.13 MB used, 84.13 MB peak
[2019.05.04-18.17.46:007][  0]LogMemory: Physical Memory: 6897.96 MB used,  9401.52 MB free, 16299.48 MB total
[2019.05.04-18.17.46:007][  0]LogMemory: Virtual Memory: 4625.42 MB used,  9401.52 MB free, 134217728.00 MB total
[2019.05.04-18.17.51:539][  0]LogInit: Using OS detected language (en-US).
[2019.05.04-18.17.51:539][  0]LogInit: Using OS detected locale (en-US).
[2019.05.04-18.17.52:158][  0]LogTextLocalizationManager: No specific localization for 'en-US' exists, so the 'en' localization will be used.
[2019.05.04-18.17.53:433][  0]LogStreaming: Display: Took  1.745s to InitEngineTextLocalization.
[2019.05.04-18.17.53:442][  0]LogInit: Setting process to per monitor DPI aware
[2019.05.04-18.17.59:340][  0]LogSlate: New Slate User Created.  User Index 0, Is Virtual User: 0
[2019.05.04-18.17.59:340][  0]LogSlate: Slate User Registered.  User Index 0, Is Virtual User: 0
[2019.05.04-18.18.11:437][  0]LogHMD: Failed to initialize OpenVR with code 110
[2019.05.04-18.18.11:437][  0]LogD3D11RHI: D3D11 adapters:
[2019.05.04-18.18.12:221][  0]LogD3D11RHI:    0. 'AMD Radeon (TM) R9 380 Series' (Feature Level 11_0)
[2019.05.04-18.18.12:221][  0]LogD3D11RHI:       4071/0/8149 MB DedicatedVideo/DedicatedSystem/SharedSystem, Outputs:2, VendorId:0x1002
[2019.05.04-18.18.12:221][  0]LogD3D11RHI:    1. 'Microsoft Basic Render Driver' (Feature Level 11_0)
[2019.05.04-18.18.12:221][  0]LogD3D11RHI:       0/0/8149 MB DedicatedVideo/DedicatedSystem/SharedSystem, Outputs:0, VendorId:0x1414
[2019.05.04-18.18.12:221][  0]LogD3D11RHI: Chosen D3D11 Adapter: 0
[2019.05.04-18.18.12:230][  0]LogD3D11RHI: Creating new Direct3DDevice
[2019.05.04-18.18.12:230][  0]LogD3D11RHI:     GPU DeviceId: 0x6939 (for the marketing name, search the web for "GPU Device Id")
[2019.05.04-18.18.12:243][  0]LogWindows: EnumDisplayDevices:
[2019.05.04-18.18.12:243][  0]LogWindows:    0. 'AMD Radeon (TM) R9 380 Series' (P:0 D:1)
[2019.05.04-18.18.12:243][  0]LogWindows:    1. 'AMD Radeon (TM) R9 380 Series' (P:1 D:1)
[2019.05.04-18.18.12:244][  0]LogWindows:    2. 'AMD Radeon (TM) R9 380 Series' (P:0 D:0)
[2019.05.04-18.18.12:244][  0]LogWindows:    3. 'AMD Radeon (TM) R9 380 Series' (P:0 D:0)
[2019.05.04-18.18.12:244][  0]LogWindows:    4. 'AMD Radeon (TM) R9 380 Series' (P:0 D:0)
[2019.05.04-18.18.12:244][  0]LogWindows:    5. 'AMD Radeon (TM) R9 380 Series' (P:0 D:0)
[2019.05.04-18.18.12:245][  0]LogWindows:    6. 'AMD Radeon (TM) R9 380 Series' (P:0 D:0)
[2019.05.04-18.18.12:245][  0]LogWindows:    7. 'AMD Radeon (TM) R9 380 Series' (P:0 D:0)
[2019.05.04-18.18.12:245][  0]LogWindows:    8. 'AMD Radeon (TM) R9 380 Series' (P:0 D:0)
[2019.05.04-18.18.12:245][  0]LogWindows:    9. 'AMD Radeon (TM) R9 380 Series' (P:0 D:0)
[2019.05.04-18.18.12:246][  0]LogWindows:    10. 'AMD Radeon (TM) R9 380 Series' (P:0 D:0)
[2019.05.04-18.18.12:246][  0]LogWindows:    11. 'AMD Radeon (TM) R9 380 Series' (P:0 D:0)
[2019.05.04-18.18.12:246][  0]LogWindows:    12. 'AMD Radeon (TM) R9 380 Series' (P:0 D:0)
[2019.05.04-18.18.12:246][  0]LogWindows:    13. 'AMD Radeon (TM) R9 380 Series' (P:0 D:0)
[2019.05.04-18.18.12:246][  0]LogWindows:    14. 'AMD Radeon (TM) R9 380 Series' (P:0 D:0)
[2019.05.04-18.18.12:247][  0]LogWindows:    15. 'AMD Radeon (TM) R9 380 Series' (P:0 D:0)
[2019.05.04-18.18.12:247][  0]LogWindows: DebugString: FoundDriverCount:16 
[2019.05.04-18.18.12:247][  0]LogD3D11RHI:     Adapter Name: AMD Radeon (TM) R9 380 Series
[2019.05.04-18.18.12:247][  0]LogD3D11RHI:   Driver Version: Adrenalin 18.2.2 (internal:23.20.15017.4003, unified:23.20.15017.4003)
[2019.05.04-18.18.12:247][  0]LogD3D11RHI:      Driver Date: 2-6-2018
[2019.05.04-18.18.12:247][  0]LogRHI: Texture pool is 2850 MB (70% of 4071 MB)
[2019.05.04-18.18.12:439][  0]LogD3D11RHI: Async texture creation enabled
[2019.05.04-18.18.12:666][  0]LogD3D11RHI: GPU Timing Frequency: 27.000000 (Debug: 2 1)
[2019.05.04-18.18.12:690][  0]LogShaderCompilers: Guid format shader working directory is -36 characters bigger than the processId version (../../../../../../Users/nhfir/Documents/GitHub/NH_AssetPipeline/NH_WhiteboxInClass/Intermediate/Shaders/WorkingDirectory/6020/).
[2019.05.04-18.18.12:690][  0]LogShaderCompilers: Cleaned the shader compiler working directory 'C:/Users/nhfir/AppData/Local/Temp/UnrealShaderWorkingDir/ADD5BFB54EF270E5292218BFD643CDEE/'.
[2019.05.04-18.18.14:369][  0]LogTemp: Display: Loaded TP AllDesktopTargetPlatform
[2019.05.04-18.18.14:390][  0]LogTemp: Display: Loaded TP MacClientTargetPlatform
[2019.05.04-18.18.14:434][  0]LogTemp: Display: Loaded TP MacNoEditorTargetPlatform
[2019.05.04-18.18.14:473][  0]LogTemp: Display: Loaded TP MacServerTargetPlatform
[2019.05.04-18.18.14:525][  0]LogTemp: Display: Loaded TP MacTargetPlatform
[2019.05.04-18.18.14:558][  0]LogTemp: Display: Loaded TP WindowsClientTargetPlatform
[2019.05.04-18.18.14:850][  0]LogTemp: Display: Loaded TP WindowsNoEditorTargetPlatform
[2019.05.04-18.18.14:870][  0]LogTemp: Display: Loaded TP WindowsServerTargetPlatform
[2019.05.04-18.18.14:939][  0]LogTemp: Display: Loaded TP WindowsTargetPlatform
[2019.05.04-18.18.15:070][  0]LogTemp: Display: Loaded TP AndroidTargetPlatform
[2019.05.04-18.18.15:070][  0]LogTemp: Display: Loaded TP AndroidTargetPlatform
[2019.05.04-18.18.15:070][  0]LogTemp: Display: Loaded TP AndroidTargetPlatform
[2019.05.04-18.18.15:070][  0]LogTemp: Display: Loaded TP AndroidTargetPlatform
[2019.05.04-18.18.15:070][  0]LogTemp: Display: Loaded TP AndroidTargetPlatform
[2019.05.04-18.18.15:070][  0]LogTemp: Display: Loaded TP AndroidTargetPlatform
[2019.05.04-18.18.15:070][  0]LogTemp: Display: Loaded TP AndroidTargetPlatform
[2019.05.04-18.18.15:070][  0]LogTemp: Display: Loaded TP AndroidTargetPlatform
[2019.05.04-18.18.15:070][  0]LogTemp: Display: Loaded TP AndroidTargetPlatform
[2019.05.04-18.18.15:070][  0]LogTemp: Display: Loaded TP AndroidTargetPlatform
[2019.05.04-18.18.15:070][  0]LogTemp: Display: Loaded TP AndroidTargetPlatform
[2019.05.04-18.18.15:070][  0]LogTemp: Display: Loaded TP AndroidTargetPlatform
[2019.05.04-18.18.15:070][  0]LogTemp: Display: Loaded TP AndroidTargetPlatform
[2019.05.04-18.18.15:070][  0]LogTemp: Display: Loaded TP AndroidTargetPlatform
[2019.05.04-18.18.15:070][  0]LogTemp: Display: Loaded TP AndroidTargetPlatform
[2019.05.04-18.18.15:070][  0]LogTemp: Display: Loaded TP AndroidTargetPlatform
[2019.05.04-18.18.15:070][  0]LogTemp: Display: Loaded TP AndroidTargetPlatform
[2019.05.04-18.18.15:070][  0]LogTemp: Display: Loaded TP AndroidTargetPlatform
[2019.05.04-18.18.15:094][  0]LogTemp: Display: Loaded TP HTML5TargetPlatform
[2019.05.04-18.18.15:220][  0]LogTemp: Display: Loaded TP IOSTargetPlatform
[2019.05.04-18.18.15:220][  0]LogTemp: Display: Loaded TP IOSTargetPlatform
[2019.05.04-18.18.15:251][  0]LogTemp: Display: Loaded TP TVOSTargetPlatform
[2019.05.04-18.18.15:251][  0]LogTemp: Display: Loaded TP TVOSTargetPlatform
[2019.05.04-18.18.15:275][  0]LogTemp: Display: Loaded TP LinuxClientTargetPlatform
[2019.05.04-18.18.15:292][  0]LogTemp: Display: Loaded TP LinuxNoEditorTargetPlatform
[2019.05.04-18.18.15:309][  0]LogTemp: Display: Loaded TP LinuxServerTargetPlatform
[2019.05.04-18.18.15:345][  0]LogTemp: Display: Loaded TP LinuxTargetPlatform
[2019.05.04-18.18.15:368][  0]LogTemp: Display: Loaded TP LuminTargetPlatform
[2019.05.04-18.18.15:368][  0]LogTargetPlatformManager: Display: Building Assets For Windows
[2019.05.04-18.18.16:118][  0]LogXGEController: Cleaning working directory: C:/Users/nhfir/AppData/Local/Temp/UnrealXGEWorkingDir/
[2019.05.04-18.18.16:118][  0]LogXGEController: Cannot use XGE Controller as Incredibuild is not installed on this machine.
[2019.05.04-18.18.16:118][  0]LogShaderCompilers: Cannot use XGE Shader Compiler as Incredibuild is not installed on this machine.
[2019.05.04-18.18.16:118][  0]LogShaderCompilers: Display: Using Local Shader Compiler.
[2019.05.04-18.18.22:136][  0]LogDerivedDataCache: Display: Max Cache Size: 512 MB
[2019.05.04-18.18.23:076][  0]LogDerivedDataCache: Loaded boot cache 0.89s 71MB C:/Users/nhfir/AppData/Local/UnrealEngine/4.20/DerivedDataCache/Boot.ddc.
[2019.05.04-18.18.23:077][  0]LogDerivedDataCache: Display: Loaded Boot cache: C:/Users/nhfir/AppData/Local/UnrealEngine/4.20/DerivedDataCache/Boot.ddc
[2019.05.04-18.18.23:077][  0]LogDerivedDataCache: FDerivedDataBackendGraph:  Pak pak cache file ../../../../../../Users/nhfir/Documents/GitHub/NH_AssetPipeline/NH_WhiteboxInClass/DerivedDataCache/DDC.ddp not found, will not use a pak cache.
[2019.05.04-18.18.23:077][  0]LogDerivedDataCache: Unable to find inner node Pak for hierarchical cache Hierarchy.
[2019.05.04-18.18.23:077][  0]LogDerivedDataCache: FDerivedDataBackendGraph:  CompressedPak pak cache file ../../../../../../Users/nhfir/Documents/GitHub/NH_AssetPipeline/NH_WhiteboxInClass/DerivedDataCache/Compressed.ddp not found, will not use a pak cache.
[2019.05.04-18.18.23:077][  0]LogDerivedDataCache: Unable to find inner node CompressedPak for hierarchical cache Hierarchy.
[2019.05.04-18.18.23:156][  0]LogDerivedDataCache: Display: Pak cache opened for reading ../../../Engine/DerivedDataCache/Compressed.ddp.
[2019.05.04-18.18.23:188][  0]LogDerivedDataCache: Using Local data cache path C:/Users/nhfir/AppData/Local/UnrealEngine/Common/DerivedDataCache: Writable
[2019.05.04-18.18.23:188][  0]LogDerivedDataCache: Shared data cache path not found in *engine.ini, will not use an Shared cache.
[2019.05.04-18.18.23:188][  0]LogDerivedDataCache: Unable to find inner node Shared for hierarchical cache Hierarchy.
[2019.05.04-18.18.23:266][  0]LogMaterial: Verifying Global Shaders for PCD3D_SM5
[2019.05.04-18.18.23:318][  0]LogSlate: Using FreeType 2.6.0
[2019.05.04-18.18.23:424][  0]LogSlate: SlateFontServices - WITH_FREETYPE: 1, WITH_HARFBUZZ: 1
[2019.05.04-18.18.25:220][  0]LogAssetRegistry: FAssetRegistry took 0.0285 seconds to start up
[2019.05.04-18.18.28:182][  0]LogInit: Selected Device Profile: [Windows]
[2019.05.04-18.18.30:670][  0]LogSimplygon: Simplygon DLL not present - disabling.
[2019.05.04-18.18.30:789][  0]LogMeshReduction: Using SimplygonSwarm for distributed automatic mesh merging
[2019.05.04-18.18.30:789][  0]LogMeshReduction: Using ProxyLODMeshReduction for automatic mesh merging
[2019.05.04-18.18.30:790][  0]LogMeshReduction: Using QuadricMeshReduction for automatic static mesh reduction
[2019.05.04-18.18.30:790][  0]LogMeshReduction: No automatic skeletal mesh reduction module available
[2019.05.04-18.18.31:244][  0]LogNetVersion: NH_WhiteboxInClass 1.0.0, NetCL: 4212847, EngineNetVer: 5, GameNetVer: 0 (Checksum: 2714859150)
[2019.05.04-18.18.35:560][  0]LogPackageLocalizationCache: Processed 11 localized package path(s) for 2 prioritized culture(s) in 0.172560 seconds
[2019.05.04-18.18.35:596][  0]LogUObjectArray: 38425 objects as part of root set at end of initial load.
[2019.05.04-18.18.35:596][  0]LogUObjectAllocator: 6690872 out of 0 bytes used by permanent object pool.
[2019.05.04-18.18.35:596][  0]LogUObjectArray: CloseDisregardForGC: 0/0 objects in disregard for GC pool
[2019.05.04-18.18.54:750][  0]LogTcpMessaging: Initializing TcpMessaging bridge
[2019.05.04-18.18.54:774][  0]LogUdpMessaging: Initializing bridge on interface 0.0.0.0:0 to multicast group 230.0.0.1:6666.
[2019.05.04-18.18.56:570][  0]SourceControl: Source control is disabled
[2019.05.04-18.18.56:571][  0]SourceControl: Source control is disabled
[2019.05.04-18.18.56:615][  0]SourceControl: Source control is disabled
[2019.05.04-18.18.56:629][  0]SourceControl: Source control is disabled
[2019.05.04-18.18.57:991][  0]LogAndroidPermission: UAndroidPermissionCallbackProxy::GetInstance
[2019.05.04-18.18.58:382][  0]LogOcInput: OculusInput pre-init called
[2019.05.04-18.18.58:959][  0]LogEngine: Initializing Engine...
[2019.05.04-18.18.58:973][  0]LogHMD: Failed to initialize OpenVR with code 110
[2019.05.04-18.18.58:991][  0]LogStats: UGameplayTagsManager::ConstructGameplayTagTree: ImportINI prefixes -  0.001 s
[2019.05.04-18.18.58:991][  0]LogStats: UGameplayTagsManager::ConstructGameplayTagTree: Construct from data asset -  0.000 s
[2019.05.04-18.18.58:991][  0]LogStats: UGameplayTagsManager::ConstructGameplayTagTree: ImportINI -  0.000 s
[2019.05.04-18.18.58:991][  0]LogStats: UGameplayTagsManager::ConstructGameplayTagTree: GameplayTagTreeChangedEvent.Broadcast -  0.000 s
[2019.05.04-18.18.59:702][  0]LogInit: Initializing FReadOnlyCVARCache
[2019.05.04-18.18.59:978][  0]LogAIModule: Creating AISystem for world Untitled
[2019.05.04-18.19.00:145][  0]LogInit: XAudio2 using 'Headset Earphone (2- Corsair VOID Wireless Gaming Dongle)' : 2 channels at 48 kHz using 16 bits per sample (channel mask 0x3)
[2019.05.04-18.19.00:367][  0]LogInit: FAudioDevice initialized.
[2019.05.04-18.19.00:367][  0]LogNetVersion: Set ProjectVersion to 1.0.0.0. Version Checksum will be recalculated on next use.
[2019.05.04-18.19.00:595][  0]LogDerivedDataCache: Saved boot cache 0.23s 71MB C:/Users/nhfir/AppData/Local/UnrealEngine/4.20/DerivedDataCache/Boot.ddc.
[2019.05.04-18.19.00:609][  0]LogInit: Texture streaming: Enabled
[2019.05.04-18.19.00:691][  0]LogEngineSessionManager: EngineSessionManager initialized
[2019.05.04-18.19.01:194][  0]LogInit: Transaction tracking system initialized
[2019.05.04-18.19.01:483][  0]BlueprintLog: New page: Editor Load
[2019.05.04-18.19.02:501][  0]LocalizationService: Localization service is disabled
[2019.05.04-18.19.06:746][  0]LogFileCache: Scanning file cache for directory 'C:/Users/nhfir/Documents/GitHub/NH_AssetPipeline/NH_WhiteboxInClass/Content/' took 0.01s
[2019.05.04-18.19.06:746][  0]LogCook: Display: Max memory allowance for cook 16384mb min free memory 0mb
[2019.05.04-18.19.06:747][  0]LogCook: Display: Mobile HDR setting 1
[2019.05.04-18.19.06:755][  0]LogGameplayTags: Display: UGameplayTagsManager::DoneAddingNativeTags. DelegateIsBound: 0
[2019.05.04-18.19.06:755][  0]LogStats: UGameplayTagsManager::ConstructGameplayTagTree: ImportINI prefixes -  0.000 s
[2019.05.04-18.19.06:755][  0]LogStats: UGameplayTagsManager::ConstructGameplayTagTree: Construct from data asset -  0.000 s
[2019.05.04-18.19.06:755][  0]LogStats: UGameplayTagsManager::ConstructGameplayTagTree: ImportINI -  0.000 s
[2019.05.04-18.19.06:755][  0]LogStats: UGameplayTagsManager::ConstructGameplayTagTree: GameplayTagTreeChangedEvent.Broadcast -  0.000 s
[2019.05.04-18.19.09:652][  0]SourceControl: Source control is disabled
[2019.05.04-18.19.09:674][  0]Cmd: MAP LOAD FILE="../../../Engine/Content/Maps/Templates/Template_Default.umap" TEMPLATE=1 SHOWPROGRESS=1 FEATURELEVEL=3
[2019.05.04-18.19.09:734][  0]LightingResults: New page: Lighting Build
[2019.05.04-18.19.09:834][  0]MapCheck: New page: Map Check
[2019.05.04-18.19.09:834][  0]LightingResults: New page: Lighting Build
[2019.05.04-18.19.11:089][  0]LogAIModule: Creating AISystem for world Untitled_1
[2019.05.04-18.19.11:473][  0]LogEditorServer: Finished looking for orphan Actors (0.000 secs)
[2019.05.04-18.19.11:538][  0]Cmd: MAP CHECKDEP NOCLEARLOG
[2019.05.04-18.19.11:594][  0]MapCheck: Map check complete: 0 Error(s), 0 Warning(s), took 55.803ms to complete.
[2019.05.04-18.19.11:594][  0]LogFileHelpers: Loading map 'Template_Default' took 1.934
[2019.05.04-18.19.12:789][  0]LogSlate: Updating window title bar state: overlay mode, drag disabled, window buttons hidden, title bar hidden
[2019.05.04-18.19.12:798][  0]LogSlate: Updating window title bar state: overlay mode, drag disabled, window buttons hidden, title bar hidden
[2019.05.04-18.19.12:806][  0]LogSlate: Updating window title bar state: overlay mode, drag disabled, window buttons hidden, title bar hidden
[2019.05.04-18.19.12:813][  0]LogSlate: Updating window title bar state: overlay mode, drag disabled, window buttons hidden, title bar hidden
[2019.05.04-18.19.12:894][  0]LogCollectionManager: Loaded 0 collections in 0.002128 seconds
[2019.05.04-18.19.13:139][  0]LogFileCache: Scanning file cache for directory 'C:/Users/nhfir/Documents/GitHub/NH_AssetPipeline/NH_WhiteboxInClass/Saved/Collections/' took 0.01s
[2019.05.04-18.19.13:139][  0]LogFileCache: Scanning file cache for directory 'C:/Users/nhfir/Documents/GitHub/NH_AssetPipeline/NH_WhiteboxInClass/Content/Developers/nhfir/Collections/' took 0.01s
[2019.05.04-18.19.13:139][  0]LogFileCache: Scanning file cache for directory 'C:/Users/nhfir/Documents/GitHub/NH_AssetPipeline/NH_WhiteboxInClass/Content/Collections/' took 0.01s
[2019.05.04-18.19.13:139][  0]LogCollectionManager: Rebuilt the GUID cache for 0 collections in 0.000000 seconds
[2019.05.04-18.19.13:150][  0]LogContentBrowser: Native class hierarchy populated in 0.0093 seconds. Added 2572 classes and 603 folders.
[2019.05.04-18.19.13:217][  0]LogContentBrowser: Native class hierarchy updated for 'WidgetCarousel' in 0.0002 seconds. Added 0 classes and 0 folders.
[2019.05.04-18.19.14:563][  0]LogContentBrowser: Native class hierarchy updated for 'AddContentDialog' in 0.0002 seconds. Added 0 classes and 0 folders.
[2019.05.04-18.19.14:646][  0]LogContentBrowser: Native class hierarchy updated for 'SceneOutliner' in 0.0002 seconds. Added 1 classes and 2 folders.
[2019.05.04-18.19.15:442][  0]LogSlate: Took 0.010164 seconds to synchronously load lazily loaded font '../../../Engine/Content/Slate/Fonts/Roboto-Regular.ttf' (155K)
[2019.05.04-18.19.15:480][  0]LogSlate: Took 0.035750 seconds to synchronously load lazily loaded font '../../../Engine/Content/Slate/Fonts/Roboto-Bold.ttf' (160K)
[2019.05.04-18.19.15:523][  0]LogSlate: Took 0.010312 seconds to synchronously load lazily loaded font '../../../Engine/Content/Editor/Slate/Fonts/FontAwesome.ttf' (139K)
[2019.05.04-18.19.16:067][  0]LogRenderer: Reallocating scene render targets to support 1288x672 Format 10 NumSamples 1 (Frame:1).
[2019.05.04-18.19.16:866][  0]LogContentBrowser: Native class hierarchy updated for 'HierarchicalLODOutliner' in 0.0002 seconds. Added 0 classes and 0 folders.
[2019.05.04-18.19.16:866][  0]LogLoad: (Engine Initialization) Total time: 186.27 seconds
[2019.05.04-18.19.16:867][  0]LogLoad: (Engine Initialization) Total Blueprint compile time: 0.00 seconds
[2019.05.04-18.19.17:115][  0]LogContentStreaming: Texture pool size now 1000 MB
[2019.05.04-18.19.17:367][  2]LogAssetRegistry: Asset discovery search completed in 52.1682 seconds
[2019.05.04-18.19.17:368][  2]LogCollectionManager: Rebuilt the object cache for 0 collections in 0.000000 seconds (found 0 objects)
[2019.05.04-18.19.17:368][  2]LogCollectionManager: Fixed up redirectors for 0 collections in 0.000054 seconds (updated 0 objects)
[2019.05.04-18.19.21:471][ 14]LogSlate: Took 0.041901 seconds to synchronously load lazily loaded font '../../../Engine/Content/Slate/Fonts/Roboto-Light.ttf' (167K)
[2019.05.04-18.19.42:440][ 77]LogSlate: FSceneViewport::OnFocusLost() reason 0
[2019.05.04-18.19.54:907][498]LogSlate: Took 0.000213 seconds to synchronously load lazily loaded font '../../../Engine/Content/Slate/Fonts/Roboto-Light.ttf' (167K)
[2019.05.04-18.19.55:599][498]LogTexture: Display: Building textures: HQ_Lightmap0_2 (AutoDXT, 256X256)
[2019.05.04-18.19.55:826][498]LogTexture: Display: Building textures: HQ_Lightmap0_1 (AutoDXT, 1024X1024)
[2019.05.04-18.19.55:826][498]LogTexture: Display: Building textures: HQ_Lightmap0_3 (AutoDXT, 64X64)
[2019.05.04-18.19.56:101][498]LogTexture: Display: Building textures: LQ_Lightmap_0_1 (DXT1, 1024X1024)
[2019.05.04-18.19.56:101][498]LogTexture: Display: Building textures: LQ_Lightmap_0_3 (DXT1, 64X64)
[2019.05.04-18.19.56:101][498]LogTexture: Display: Building textures: LQ_Lightmap_0_2 (DXT1, 256X256)
[2019.05.04-18.19.56:101][498]LogTexture: Display: Building textures: ShadowMapTexture2D_1 (G8, 64X64)
[2019.05.04-18.19.56:303][498]LogTexture: Display: Building textures: ShadowMapTexture2D_0 (G8, 512X1024)
[2019.05.04-18.19.56:303][498]LogTexture: Display: Building textures: ShadowMapTexture2D_4 (G8, 32X32)
[2019.05.04-18.19.57:101][498]LogStaticMesh: Building static mesh mann...
[2019.05.04-18.19.57:232][498]LogStaticMesh: Built static mesh [0.13s] /Game/Materials/mann.mann
[2019.05.04-18.19.57:400][498]LogMaterial: Display: Missing cached shader map for material M_WBoxNH, compiling. 
[2019.05.04-18.19.57:786][498]LogShaderCompilers: Display: Shaders left to compile 31
[2019.05.04-18.19.57:786][498]LogShaderCompilers: Display: Shaders left to compile 21
[2019.05.04-18.19.57:787][498]LogShaderCompilers: Display: Shaders left to compile 11
[2019.05.04-18.19.57:787][498]LogMaterial: Display: Missing cached shader map for material SM_hatMat, compiling. 
[2019.05.04-18.19.57:805][498]LogAIModule: Creating AISystem for world NH_WBBlockWithGeo
[2019.05.04-18.19.57:986][498]LogAssetEditorManager: Opening Asset editor for World /Game/Maps/NH_WBBlockWithGeo.NH_WBBlockWithGeo
[2019.05.04-18.19.58:119][498]Cmd: MAP LOAD FILE="../../../../../../Users/nhfir/Documents/GitHub/NH_AssetPipeline/NH_WhiteboxInClass/Content/Maps/NH_WBBlockWithGeo.umap" TEMPLATE=0 SHOWPROGRESS=1 FEATURELEVEL=3
[2019.05.04-18.19.58:119][498]LightingResults: New page: Lighting Build
[2019.05.04-18.19.58:120][498]LoadErrors: New page: Loading map: NH_WBBlockWithGeo.umap
[2019.05.04-18.19.58:120][498]MapCheck: New page: Map Check
[2019.05.04-18.19.58:120][498]LightingResults: New page: Lighting Build
[2019.05.04-18.19.58:385][498]LogEditorServer: Finished looking for orphan Actors (0.000 secs)
[2019.05.04-18.19.58:438][498]Cmd: MAP CHECKDEP NOCLEARLOG
[2019.05.04-18.19.58:503][498]MapCheck: Map check complete: 0 Error(s), 0 Warning(s), took 65.154ms to complete.
[2019.05.04-18.19.58:503][498]LogFileHelpers: Loading map 'NH_WBBlockWithGeo' took 0.418
[2019.05.04-18.20.01:664][818]LogShaderCompilers: Display: Shaders left to compile 32
[2019.05.04-18.20.03:053][973]LogShaderCompilers: Display: Shaders left to compile 22
[2019.05.04-18.20.03:134][982]LogShaderCompilers: Display: Shaders left to compile 12
[2019.05.04-18.20.03:594][ 33]LogShaderCompilers: Display: Shaders left to compile 2
[2019.05.04-18.20.48:451][337]LogSlate: FSceneViewport::OnFocusLost() reason 0
[2019.05.04-18.20.49:184][342]LogActorFactory: Actor Factory created NH_GasPumpBlock
[2019.05.04-18.20.49:831][407]LogActorFactory: Actor Factory created NH_GasPumpBlock
[2019.05.04-18.21.30:266][776]LogEditorViewport: Clicking on Actor (LMB): StaticMeshActor (NH_GasPumpBlock)
[2019.05.04-18.25.06:343][299]LogEditorViewport: Clicking on Actor (LMB): StaticMeshActor (NH_GasPumpBlock)
[2019.05.04-18.26.08:979][ 10]LogSlate: Took 0.016602 seconds to synchronously load lazily loaded font '../../../Engine/Content/Slate/Fonts/Roboto-Italic.ttf' (157K)
[2019.05.04-18.30.08:326][789]LogSavePackage: Moving '../../../../../../Users/nhfir/Documents/GitHub/NH_AssetPipeline/NH_WhiteboxInClass/Saved/NH_WBBlockWithGeo_Auto16A6D2A6F4A5FE173F587C2B1EC1160C5.tmp' to '../../../../../../Users/nhfir/Documents/GitHub/NH_AssetPipeline/NH_WhiteboxInClass/Saved/Autosaves/Game/Maps/NH_WBBlockWithGeo_Auto1.umap'
[2019.05.04-18.30.08:353][789]LogFileHelpers: Editor autosave (incl. sublevels) for '/Game/Maps/NH_WBBlockWithGeo' took 1.369
[2019.05.04-18.30.08:353][789]LogFileHelpers: Editor autosave (incl. sublevels) for all levels took 1.369
[2019.05.04-18.32.03:302][133]LogEditorViewport: Clicking on Actor (LMB): BP_Sky_Sphere_C (Sky Sphere)
[2019.05.04-18.34.00:962][168]LogEditorViewport: Clicking on Actor (LMB): StaticMeshActor (NH_GasPumpBlock)
[2019.05.04-18.34.16:035][671]LogSlate: FSceneViewport::OnFocusLost() reason 0
[2019.05.04-18.34.41:222][561]LogEditorViewport: Clicking on Actor (LMB): StaticMeshActor (NH_GasPumpBlock)
[2019.05.04-18.34.44:965][998]Cmd: TRANSACTION UNDO
[2019.05.04-18.34.44:965][998]LogEditorTransaction: Undo Scale Actors
[2019.05.04-18.34.51:884][766]LogSlate: FSceneViewport::OnFocusLost() reason 0
[2019.05.04-18.35.04:394][773]LogFactory: FactoryCreateFile: StaticMesh with FbxFactory (0 0 ../../../../../../Users/nhfir/Documents/GitHub/NH_AssetPipeline/NH_BlockModel/scenes/NH_PumpTopBlock.obj)
[2019.05.04-18.35.04:759][773]LogFbx: Loading FBX Scene from ../../../../../../Users/nhfir/Documents/GitHub/NH_AssetPipeline/NH_BlockModel/scenes/NH_PumpTopBlock.obj
[2019.05.04-18.35.04:763][773]LogFbx: FBX Scene Loaded Succesfully
[2019.05.04-18.35.07:521][773]LogSlate: Window 'FBX Import Options' being destroyed
[2019.05.04-18.35.07:677][773]LogFbx: Warning: Triangulating static mesh pCube1
[2019.05.04-18.35.07:713][773]LogStaticMesh: Building static mesh NH_PumpTopBlock...
[2019.05.04-18.35.07:716][773]LogStaticMesh: Built static mesh [0.01s] /Game/Maps/NH_PumpTopBlock.NH_PumpTopBlock
[2019.05.04-18.35.07:822][773]FBXImport: Warning: No smoothing group information was found in this FBX scene.  Please make sure to enable the 'Export Smoothing Groups' option in the FBX Exporter plug-in before exporting the file.  Even for tools that don't support smoothing groups, the FBX Exporter will generate appropriate smoothing data at export-time so that correct vertex normals can be inferred while importing. 
[2019.05.04-18.35.10:893][ 87]LogSlate: Window 'Message Log' being destroyed
[2019.05.04-18.35.10:895][ 87]LogSlate: Window 'Message Log' being destroyed
[2019.05.04-18.35.14:276][434]LogActorFactory: Actor Factory created NH_PumpTopBlock
[2019.05.04-18.35.14:996][506]LogActorFactory: Actor Factory created NH_PumpTopBlock
[2019.05.04-18.35.39:168][180]LogSlate: FSceneViewport::OnFocusLost() reason 0
[2019.05.04-18.35.51:189][290]LogSlate: FSceneViewport::OnFocusLost() reason 0
[2019.05.04-18.36.01:406][370]LogEditorViewport: Clicking on Actor (LMB): StaticMeshActor (NH_PumpTopBlock)
[2019.05.04-18.36.02:604][467]LogSlate: FSceneViewport::OnFocusLost() reason 0
[2019.05.04-18.36.38:384][123]LogEditorViewport: Clicking on Actor (LMB): StaticMeshActor (NH_PumpTopBlock)
[2019.05.04-18.36.40:667][295]LogSlate: FSceneViewport::OnFocusLost() reason 0
[2019.05.04-18.36.46:721][843]LogEditorViewport: Clicking on Actor (context menu): StaticMeshActor (NH_PumpTopBlock)
[2019.05.04-18.36.46:955][843]LogSlate: FSceneViewport::OnFocusLost() reason 2
[2019.05.04-18.36.47:607][915]LogEditorViewport: Clicking on Actor (LMB): StaticMeshActor (NH_PumpTopBlock)
[2019.05.04-18.36.59:152][122]LogEditorViewport: Clicking on Actor (LMB): StaticMeshActor (NH_PumpTopBlock)
[2019.05.04-18.37.58:517][658]LogEditorViewport: Clicking on Actor (LMB): StaticMeshActor (NH_PumpTopBlock)
[2019.05.04-18.38.02:423][ 84]LogEditorViewport: Clicking on Actor (LMB): StaticMeshActor (NH_PumpTopBlock)
[2019.05.04-18.38.11:735][135]Cmd: DELETE
[2019.05.04-18.38.11:736][135]Cmd: ACTOR DELETE
[2019.05.04-18.38.11:869][135]LogEditorActor: Deleted Actor: StaticMeshActor
[2019.05.04-18.38.11:918][135]LogEditorActor: Deleted 1 Actors (0.146 secs)
[2019.05.04-18.40.00:528][  7]LogEditorViewport: Clicking on Actor (context menu): Brush (BrushMotelRoof_17)
[2019.05.04-18.40.00:595][  7]LogSlate: FSceneViewport::OnFocusLost() reason 2
[2019.05.04-18.40.03:590][356]LogSlate: FSceneViewport::OnFocusLost() reason 0
[2019.05.04-18.41.01:823][ 25]LogGeometryMode: Warning: Unable to find BrushGasStationWindow_3 Brush(s) in new BSP
[2019.05.04-18.41.01:823][ 25]LogGeometryMode: Warning: Unable to find all previously selected geometry data, resetting selection
[2019.05.04-18.41.27:981][719]LogSlate: FSceneViewport::OnFocusLost() reason 0
[2019.05.04-18.41.44:250][588]Cmd: TRANSACTION UNDO
[2019.05.04-18.41.44:250][588]LogEditorTransaction: Undo Move Actors
[2019.05.04-18.41.44:515][588]LogActorComponent: ~FComponentReregisterContext: (/Game/Maps/NH_WBBlockWithGeo.NH_WBBlockWithGeo:PersistentLevel.BrushStreet_140.BrushComponent0) Component already registered.
[2019.05.04-18.41.44:521][588]LogActorComponent: ~FComponentReregisterContext: (/Game/Maps/NH_WBBlockWithGeo.NH_WBBlockWithGeo:PersistentLevel.BrushStreet_104.BrushComponent0) Component already registered.
[2019.05.04-18.41.44:525][588]LogActorComponent: ~FComponentReregisterContext: (/Game/Maps/NH_WBBlockWithGeo.NH_WBBlockWithGeo:PersistentLevel.BrushGround_84.BrushComponent0) Component already registered.
[2019.05.04-18.41.44:529][588]LogActorComponent: ~FComponentReregisterContext: (/Game/Maps/NH_WBBlockWithGeo.NH_WBBlockWithGeo:PersistentLevel.BrushStreet_157.BrushComponent0) Component already registered.
[2019.05.04-18.41.44:571][588]LogActorComponent: ~FComponentReregisterContext: (/Game/Maps/NH_WBBlockWithGeo.NH_WBBlockWithGeo:PersistentLevel.BrushStreet_29.BrushComponent0) Component already registered.
[2019.05.04-18.41.44:579][588]LogActorComponent: ~FComponentReregisterContext: (/Game/Maps/NH_WBBlockWithGeo.NH_WBBlockWithGeo:PersistentLevel.BrushSidewalk_26.BrushComponent0) Component already registered.
[2019.05.04-18.41.44:583][588]LogActorComponent: ~FComponentReregisterContext: (/Game/Maps/NH_WBBlockWithGeo.NH_WBBlockWithGeo:PersistentLevel.BrushGasStationCover_7.BrushComponent0) Component already registered.
[2019.05.04-18.41.44:586][588]LogActorComponent: ~FComponentReregisterContext: (/Game/Maps/NH_WBBlockWithGeo.NH_WBBlockWithGeo:PersistentLevel.BrushMotel_27.BrushComponent0) Component already registered.
[2019.05.04-18.41.44:593][588]LogActorComponent: ~FComponentReregisterContext: (/Game/Maps/NH_WBBlockWithGeo.NH_WBBlockWithGeo:PersistentLevel.BrushGasStationRoof_4.BrushComponent0) Component already registered.
[2019.05.04-18.41.44:595][588]LogActorComponent: ~FComponentReregisterContext: (/Game/Maps/NH_WBBlockWithGeo.NH_WBBlockWithGeo:PersistentLevel.BrushGround_177.BrushComponent0) Component already registered.
[2019.05.04-18.41.44:600][588]LogActorComponent: ~FComponentReregisterContext: (/Game/Maps/NH_WBBlockWithGeo.NH_WBBlockWithGeo:PersistentLevel.BrushGround_113.BrushComponent0) Component already registered.
[2019.05.04-18.41.44:604][588]LogActorComponent: ~FComponentReregisterContext: (/Game/Maps/NH_WBBlockWithGeo.NH_WBBlockWithGeo:PersistentLevel.BrushMotelRoof_2.BrushComponent0) Component already registered.
[2019.05.04-18.41.44:610][588]LogActorComponent: ~FComponentReregisterContext: (/Game/Maps/NH_WBBlockWithGeo.NH_WBBlockWithGeo:PersistentLevel.BrushGround_206.BrushComponent0) Component already registered.
[2019.05.04-18.41.45:092][588]LogEditorViewport: Clicking on Actor (LMB): Brush (BrushStreet_135)
[2019.05.04-18.41.45:378][607]Cmd: TRANSACTION UNDO
[2019.05.04-18.41.45:378][607]LogEditorTransaction: Undo Clicking on Actors
[2019.05.04-18.41.47:059][783]Cmd: TRANSACTION UNDO
[2019.05.04-18.41.47:059][783]LogEditorTransaction: Undo Move Actors
[2019.05.04-18.41.47:328][783]LogActorComponent: ~FComponentReregisterContext: (/Game/Maps/NH_WBBlockWithGeo.NH_WBBlockWithGeo:PersistentLevel.BrushStreet_140.BrushComponent0) Component already registered.
[2019.05.04-18.41.47:335][783]LogActorComponent: ~FComponentReregisterContext: (/Game/Maps/NH_WBBlockWithGeo.NH_WBBlockWithGeo:PersistentLevel.BrushStreet_104.BrushComponent0) Component already registered.
[2019.05.04-18.41.47:340][783]LogActorComponent: ~FComponentReregisterContext: (/Game/Maps/NH_WBBlockWithGeo.NH_WBBlockWithGeo:PersistentLevel.BrushGround_84.BrushComponent0) Component already registered.
[2019.05.04-18.41.47:345][783]LogActorComponent: ~FComponentReregisterContext: (/Game/Maps/NH_WBBlockWithGeo.NH_WBBlockWithGeo:PersistentLevel.BrushStreet_157.BrushComponent0) Component already registered.
[2019.05.04-18.41.47:370][783]LogActorComponent: ~FComponentReregisterContext: (/Game/Maps/NH_WBBlockWithGeo.NH_WBBlockWithGeo:PersistentLevel.BrushStreet_29.BrushComponent0) Component already registered.
[2019.05.04-18.41.47:378][783]LogActorComponent: ~FComponentReregisterContext: (/Game/Maps/NH_WBBlockWithGeo.NH_WBBlockWithGeo:PersistentLevel.BrushSidewalk_26.BrushComponent0) Component already registered.
[2019.05.04-18.41.47:383][783]LogActorComponent: ~FComponentReregisterContext: (/Game/Maps/NH_WBBlockWithGeo.NH_WBBlockWithGeo:PersistentLevel.BrushGasStationCover_7.BrushComponent0) Component already registered.
[2019.05.04-18.41.47:385][783]LogActorComponent: ~FComponentReregisterContext: (/Game/Maps/NH_WBBlockWithGeo.NH_WBBlockWithGeo:PersistentLevel.BrushMotel_27.BrushComponent0) Component already registered.
[2019.05.04-18.41.47:393][783]LogActorComponent: ~FComponentReregisterContext: (/Game/Maps/NH_WBBlockWithGeo.NH_WBBlockWithGeo:PersistentLevel.BrushGasStationRoof_4.BrushComponent0) Component already registered.
[2019.05.04-18.41.47:395][783]LogActorComponent: ~FComponentReregisterContext: (/Game/Maps/NH_WBBlockWithGeo.NH_WBBlockWithGeo:PersistentLevel.BrushGround_177.BrushComponent0) Component already registered.
[2019.05.04-18.41.47:400][783]LogActorComponent: ~FComponentReregisterContext: (/Game/Maps/NH_WBBlockWithGeo.NH_WBBlockWithGeo:PersistentLevel.BrushGround_113.BrushComponent0) Component already registered.
[2019.05.04-18.41.47:402][783]LogActorComponent: ~FComponentReregisterContext: (/Game/Maps/NH_WBBlockWithGeo.NH_WBBlockWithGeo:PersistentLevel.BrushMotelRoof_2.BrushComponent0) Component already registered.
[2019.05.04-18.41.47:407][783]LogActorComponent: ~FComponentReregisterContext: (/Game/Maps/NH_WBBlockWithGeo.NH_WBBlockWithGeo:PersistentLevel.BrushGround_206.BrushComponent0) Component already registered.
[2019.05.04-18.42.16:697][ 45]LogSavePackage: Moving '../../../../../../Users/nhfir/Documents/GitHub/NH_AssetPipeline/NH_WhiteboxInClass/Saved/NH_WBBlockWithGeo_Auto272862C66425B720A22B5B68DDD93988C.tmp' to '../../../../../../Users/nhfir/Documents/GitHub/NH_AssetPipeline/NH_WhiteboxInClass/Saved/Autosaves/Game/Maps/NH_WBBlockWithGeo_Auto2.umap'
[2019.05.04-18.42.16:704][ 45]LogFileHelpers: Editor autosave (incl. sublevels) for '/Game/Maps/NH_WBBlockWithGeo' took 1.147
[2019.05.04-18.42.16:704][ 45]LogFileHelpers: Editor autosave (incl. sublevels) for all levels took 1.147
[2019.05.04-18.42.16:707][ 45]OBJ SavePackage: Generating thumbnails for [1] asset(s) in package [/Game/Maps/NH_PumpTopBlock] ([1] browsable assets)...
[2019.05.04-18.42.16:733][ 45]OBJ SavePackage:     Rendered thumbnail for [StaticMesh /Game/Maps/NH_PumpTopBlock.NH_PumpTopBlock]
[2019.05.04-18.42.16:733][ 45]OBJ SavePackage: Finished generating thumbnails for package [/Game/Maps/NH_PumpTopBlock]
[2019.05.04-18.42.16:761][ 45]LogSavePackage: Moving '../../../../../../Users/nhfir/Documents/GitHub/NH_AssetPipeline/NH_WhiteboxInClass/Saved/NH_PumpTopBlock_Auto2875F18E248A1327CB4021B8AE3439B7C.tmp' to '../../../../../../Users/nhfir/Documents/GitHub/NH_AssetPipeline/NH_WhiteboxInClass/Saved/Autosaves/Game/Maps/NH_PumpTopBlock_Auto2.uasset'
[2019.05.04-18.42.16:762][ 45]LogFileHelpers: Auto-saving content packages took 0.057
[2019.05.04-18.42.27:475][ 55]Cmd: SELECT NONE
[2019.05.04-18.43.47:031][  8]LogGeometryMode: Warning: Unable to find BoxBrush5 Brush(s) in new BSP
[2019.05.04-18.43.47:031][  8]LogGeometryMode: Warning: Unable to find all previously selected geometry data, resetting selection
[2019.05.04-18.48.26:175][ 19]LogGeometryMode: Warning: Unable to find BrushGasStation_2 Brush(s) in new BSP
[2019.05.04-18.48.26:175][ 19]LogGeometryMode: Warning: Unable to find all previously selected geometry data, resetting selection
[2019.05.04-18.48.31:426][641]LogGeometryMode: Warning: Unable to find BrushGasStationDoor_3 Brush(s) in new BSP
[2019.05.04-18.48.31:426][641]LogGeometryMode: Warning: Unable to find all previously selected geometry data, resetting selection
[2019.05.04-18.49.22:260][636]LogGeometryMode: Warning: Unable to find BrushGasStationWindow_1 Brush(s) in new BSP
[2019.05.04-18.49.22:260][636]LogGeometryMode: Warning: Unable to find all previously selected geometry data, resetting selection
[2019.05.04-18.49.34:143][924]LogEditorViewport: Clicking on Actor (LMB): BP_Sky_Sphere_C (Sky Sphere)
[2019.05.04-18.49.44:042][ 85]Cmd: TRANSACTION UNDO
[2019.05.04-18.49.44:042][ 85]LogEditorTransaction: Undo Clicking on Actors
[2019.05.04-18.49.44:496][131]Cmd: TRANSACTION UNDO
[2019.05.04-18.49.44:496][131]LogEditorTransaction: Undo Scale Actors
[2019.05.04-18.49.44:761][131]LogActorComponent: ~FComponentReregisterContext: (/Game/Maps/NH_WBBlockWithGeo.NH_WBBlockWithGeo:PersistentLevel.BrushStreet_140.BrushComponent0) Component already registered.
[2019.05.04-18.49.44:767][131]LogActorComponent: ~FComponentReregisterContext: (/Game/Maps/NH_WBBlockWithGeo.NH_WBBlockWithGeo:PersistentLevel.BrushStreet_104.BrushComponent0) Component already registered.
[2019.05.04-18.49.44:771][131]LogActorComponent: ~FComponentReregisterContext: (/Game/Maps/NH_WBBlockWithGeo.NH_WBBlockWithGeo:PersistentLevel.BrushGround_84.BrushComponent0) Component already registered.
[2019.05.04-18.49.44:775][131]LogActorComponent: ~FComponentReregisterContext: (/Game/Maps/NH_WBBlockWithGeo.NH_WBBlockWithGeo:PersistentLevel.BrushStreet_157.BrushComponent0) Component already registered.
[2019.05.04-18.49.44:802][131]LogActorComponent: ~FComponentReregisterContext: (/Game/Maps/NH_WBBlockWithGeo.NH_WBBlockWithGeo:PersistentLevel.BrushStreet_29.BrushComponent0) Component already registered.
[2019.05.04-18.49.44:811][131]LogActorComponent: ~FComponentReregisterContext: (/Game/Maps/NH_WBBlockWithGeo.NH_WBBlockWithGeo:PersistentLevel.BrushSidewalk_26.BrushComponent0) Component already registered.
[2019.05.04-18.49.44:815][131]LogActorComponent: ~FComponentReregisterContext: (/Game/Maps/NH_WBBlockWithGeo.NH_WBBlockWithGeo:PersistentLevel.BrushGasStationCover_7.BrushComponent0) Component already registered.
[2019.05.04-18.49.44:819][131]LogActorComponent: ~FComponentReregisterContext: (/Game/Maps/NH_WBBlockWithGeo.NH_WBBlockWithGeo:PersistentLevel.BrushMotel_27.BrushComponent0) Component already registered.
[2019.05.04-18.49.44:821][131]LogActorComponent: ~FComponentReregisterContext: (/Game/Maps/NH_WBBlockWithGeo.NH_WBBlockWithGeo:PersistentLevel.BrushGasStationWindow_7.BrushComponent0) Component already registered.
[2019.05.04-18.49.44:827][131]LogActorComponent: ~FComponentReregisterContext: (/Game/Maps/NH_WBBlockWithGeo.NH_WBBlockWithGeo:PersistentLevel.BrushGasStationRoof_4.BrushComponent0) Component already registered.
[2019.05.04-18.49.44:828][131]LogActorComponent: ~FComponentReregisterContext: (/Game/Maps/NH_WBBlockWithGeo.NH_WBBlockWithGeo:PersistentLevel.BrushGround_177.BrushComponent0) Component already registered.
[2019.05.04-18.49.44:833][131]LogActorComponent: ~FComponentReregisterContext: (/Game/Maps/NH_WBBlockWithGeo.NH_WBBlockWithGeo:PersistentLevel.BrushGround_113.BrushComponent0) Component already registered.
[2019.05.04-18.49.44:835][131]LogActorComponent: ~FComponentReregisterContext: (/Game/Maps/NH_WBBlockWithGeo.NH_WBBlockWithGeo:PersistentLevel.BrushMotelRoof_2.BrushComponent0) Component already registered.
[2019.05.04-18.49.44:841][131]LogActorComponent: ~FComponentReregisterContext: (/Game/Maps/NH_WBBlockWithGeo.NH_WBBlockWithGeo:PersistentLevel.BrushGround_206.BrushComponent0) Component already registered.
[2019.05.04-18.50.49:492][376]Cmd: SELECT NONE
[2019.05.04-18.51.09:198][712]Cmd: SELECT NONE
[2019.05.04-18.51.15:681][483]Cmd: SELECT NONE
[2019.05.04-18.51.57:162][356]LogGeometryMode: Warning: Unable to find BrushGasStation_2 Brush(s) in new BSP
[2019.05.04-18.51.57:162][356]LogGeometryMode: Warning: Unable to find all previously selected geometry data, resetting selection
[2019.05.04-18.51.58:994][544]LogEditorViewport: Clicking on Actor (LMB): BP_Sky_Sphere_C (Sky Sphere)
[2019.05.04-18.52.01:003][756]Cmd: TRANSACTION UNDO
[2019.05.04-18.52.01:003][756]LogEditorTransaction: Undo Clicking on Actors
[2019.05.04-18.52.01:375][758]Cmd: TRANSACTION UNDO
[2019.05.04-18.52.01:375][758]LogEditorTransaction: Undo Select Brush Surface
[2019.05.04-18.52.01:743][762]Cmd: TRANSACTION UNDO
[2019.05.04-18.52.01:743][762]LogEditorTransaction: Undo Select Brush Surface
[2019.05.04-18.52.02:118][763]Cmd: TRANSACTION UNDO
[2019.05.04-18.52.02:118][763]LogEditorTransaction: Undo Modifier [Edit]
[2019.05.04-18.52.02:501][798]Cmd: TRANSACTION UNDO
[2019.05.04-18.52.02:501][798]LogEditorTransaction: Undo Apply Material to Selected Surfaces
[2019.05.04-18.53.06:512][178]LogGeometryMode: Warning: Unable to find BrushGasStationWindow_2 Brush(s) in new BSP
[2019.05.04-18.53.06:512][178]LogGeometryMode: Warning: Unable to find all previously selected geometry data, resetting selection
[2019.05.04-18.54.20:797][986]LogSavePackage: Moving '../../../../../../Users/nhfir/Documents/GitHub/NH_AssetPipeline/NH_WhiteboxInClass/Saved/NH_WBBlockWithGeo_Auto3FC1C11FF48D1495FC6CA98881DA4F572.tmp' to '../../../../../../Users/nhfir/Documents/GitHub/NH_AssetPipeline/NH_WhiteboxInClass/Saved/Autosaves/Game/Maps/NH_WBBlockWithGeo_Auto3.umap'
[2019.05.04-18.54.20:803][986]LogFileHelpers: Editor autosave (incl. sublevels) for '/Game/Maps/NH_WBBlockWithGeo' took 1.078
[2019.05.04-18.54.20:803][986]LogFileHelpers: Editor autosave (incl. sublevels) for all levels took 1.078
[2019.05.04-19.04.22:399][199]LogSavePackage: Moving '../../../../../../Users/nhfir/Documents/GitHub/NH_AssetPipeline/NH_WhiteboxInClass/Saved/NH_WBBlockWithGeo_Auto4B4645DA146AAF39984C8A2A8C29D0795.tmp' to '../../../../../../Users/nhfir/Documents/GitHub/NH_AssetPipeline/NH_WhiteboxInClass/Saved/Autosaves/Game/Maps/NH_WBBlockWithGeo_Auto4.umap'
[2019.05.04-19.04.22:404][199]LogFileHelpers: Editor autosave (incl. sublevels) for '/Game/Maps/NH_WBBlockWithGeo' took 1.207
[2019.05.04-19.04.22:404][199]LogFileHelpers: Editor autosave (incl. sublevels) for all levels took 1.207
[2019.05.04-19.12.52:515][458]LogEditorViewport: Clicking on Actor (LMB): StaticMeshActor (NH_GasPumpBlock)
[2019.05.04-19.13.02:331][354]LogSlate: FSceneViewport::OnFocusLost() reason 0
[2019.05.04-19.13.08:152][861]LogSlate: FSceneViewport::OnFocusLost() reason 0
[2019.05.04-19.13.13:492][259]LogSlate: FSceneViewport::OnFocusLost() reason 0
[2019.05.04-19.13.21:802][947]LogSlate: FSceneViewport::OnFocusLost() reason 0
[2019.05.04-19.13.29:735][590]Cmd: TRANSACTION UNDO
[2019.05.04-19.13.29:735][590]LogEditorTransaction: Undo Set Scale
[2019.05.04-19.13.29:997][590]LogActorComponent: ~FComponentReregisterContext: (/Game/Maps/NH_WBBlockWithGeo.NH_WBBlockWithGeo:PersistentLevel.BrushStreet_140.BrushComponent0) Component already registered.
[2019.05.04-19.13.30:001][590]LogActorComponent: ~FComponentReregisterContext: (/Game/Maps/NH_WBBlockWithGeo.NH_WBBlockWithGeo:PersistentLevel.BrushStreet_104.BrushComponent0) Component already registered.
[2019.05.04-19.13.30:006][590]LogActorComponent: ~FComponentReregisterContext: (/Game/Maps/NH_WBBlockWithGeo.NH_WBBlockWithGeo:PersistentLevel.BrushGround_84.BrushComponent0) Component already registered.
[2019.05.04-19.13.30:011][590]LogActorComponent: ~FComponentReregisterContext: (/Game/Maps/NH_WBBlockWithGeo.NH_WBBlockWithGeo:PersistentLevel.BrushStreet_157.BrushComponent0) Component already registered.
[2019.05.04-19.13.30:040][590]LogActorComponent: ~FComponentReregisterContext: (/Game/Maps/NH_WBBlockWithGeo.NH_WBBlockWithGeo:PersistentLevel.BrushStreet_29.BrushComponent0) Component already registered.
[2019.05.04-19.13.30:048][590]LogActorComponent: ~FComponentReregisterContext: (/Game/Maps/NH_WBBlockWithGeo.NH_WBBlockWithGeo:PersistentLevel.BrushSidewalk_26.BrushComponent0) Component already registered.
[2019.05.04-19.13.30:050][590]LogActorComponent: ~FComponentReregisterContext: (/Game/Maps/NH_WBBlockWithGeo.NH_WBBlockWithGeo:PersistentLevel.BrushMotel_12.BrushComponent0) Component already registered.
[2019.05.04-19.13.30:053][590]LogActorComponent: ~FComponentReregisterContext: (/Game/Maps/NH_WBBlockWithGeo.NH_WBBlockWithGeo:PersistentLevel.BrushGasStationCover_2.BrushComponent0) Component already registered.
[2019.05.04-19.13.30:054][590]LogActorComponent: ~FComponentReregisterContext: (/Game/Maps/NH_WBBlockWithGeo.NH_WBBlockWithGeo:PersistentLevel.BrushMotelRailing_21.BrushComponent0) Component already registered.
[2019.05.04-19.13.30:062][590]LogActorComponent: ~FComponentReregisterContext: (/Game/Maps/NH_WBBlockWithGeo.NH_WBBlockWithGeo:PersistentLevel.BrushGasStationWindow_7.BrushComponent0) Component already registered.
[2019.05.04-19.13.30:066][590]LogActorComponent: ~FComponentReregisterContext: (/Game/Maps/NH_WBBlockWithGeo.NH_WBBlockWithGeo:PersistentLevel.BrushGasStation_11.BrushComponent0) Component already registered.
[2019.05.04-19.13.30:069][590]LogActorComponent: ~FComponentReregisterContext: (/Game/Maps/NH_WBBlockWithGeo.NH_WBBlockWithGeo:PersistentLevel.BrushGround_177.BrushComponent0) Component already registered.
[2019.05.04-19.13.30:073][590]LogActorComponent: ~FComponentReregisterContext: (/Game/Maps/NH_WBBlockWithGeo.NH_WBBlockWithGeo:PersistentLevel.BrushGround_113.BrushComponent0) Component already registered.
[2019.05.04-19.13.30:076][590]LogActorComponent: ~FComponentReregisterContext: (/Game/Maps/NH_WBBlockWithGeo.NH_WBBlockWithGeo:PersistentLevel.BrushMotelRoof_2.BrushComponent0) Component already registered.
[2019.05.04-19.13.30:080][590]LogActorComponent: ~FComponentReregisterContext: (/Game/Maps/NH_WBBlockWithGeo.NH_WBBlockWithGeo:PersistentLevel.BrushGround_206.BrushComponent0) Component already registered.
[2019.05.04-19.13.31:904][706]LogSlate: FSceneViewport::OnFocusLost() reason 0
[2019.05.04-19.13.36:415][ 76]Cmd: TRANSACTION UNDO
[2019.05.04-19.13.36:415][ 76]LogEditorTransaction: Undo Set Scale
[2019.05.04-19.13.36:671][ 76]LogActorComponent: ~FComponentReregisterContext: (/Game/Maps/NH_WBBlockWithGeo.NH_WBBlockWithGeo:PersistentLevel.BrushStreet_140.BrushComponent0) Component already registered.
[2019.05.04-19.13.36:676][ 76]LogActorComponent: ~FComponentReregisterContext: (/Game/Maps/NH_WBBlockWithGeo.NH_WBBlockWithGeo:PersistentLevel.BrushStreet_104.BrushComponent0) Component already registered.
[2019.05.04-19.13.36:679][ 76]LogActorComponent: ~FComponentReregisterContext: (/Game/Maps/NH_WBBlockWithGeo.NH_WBBlockWithGeo:PersistentLevel.BrushGround_84.BrushComponent0) Component already registered.
[2019.05.04-19.13.36:684][ 76]LogActorComponent: ~FComponentReregisterContext: (/Game/Maps/NH_WBBlockWithGeo.NH_WBBlockWithGeo:PersistentLevel.BrushStreet_157.BrushComponent0) Component already registered.
[2019.05.04-19.13.36:711][ 76]LogActorComponent: ~FComponentReregisterContext: (/Game/Maps/NH_WBBlockWithGeo.NH_WBBlockWithGeo:PersistentLevel.BrushStreet_29.BrushComponent0) Component already registered.
[2019.05.04-19.13.36:717][ 76]LogActorComponent: ~FComponentReregisterContext: (/Game/Maps/NH_WBBlockWithGeo.NH_WBBlockWithGeo:PersistentLevel.BrushSidewalk_26.BrushComponent0) Component already registered.
[2019.05.04-19.13.36:719][ 76]LogActorComponent: ~FComponentReregisterContext: (/Game/Maps/NH_WBBlockWithGeo.NH_WBBlockWithGeo:PersistentLevel.BrushMotel_12.BrushComponent0) Component already registered.
[2019.05.04-19.13.36:721][ 76]LogActorComponent: ~FComponentReregisterContext: (/Game/Maps/NH_WBBlockWithGeo.NH_WBBlockWithGeo:PersistentLevel.BrushGasStationCover_2.BrushComponent0) Component already registered.
[2019.05.04-19.13.36:721][ 76]LogActorComponent: ~FComponentReregisterContext: (/Game/Maps/NH_WBBlockWithGeo.NH_WBBlockWithGeo:PersistentLevel.BrushMotelRailing_21.BrushComponent0) Component already registered.
[2019.05.04-19.13.36:729][ 76]LogActorComponent: ~FComponentReregisterContext: (/Game/Maps/NH_WBBlockWithGeo.NH_WBBlockWithGeo:PersistentLevel.BrushGasStationWindow_7.BrushComponent0) Component already registered.
[2019.05.04-19.13.36:733][ 76]LogActorComponent: ~FComponentReregisterContext: (/Game/Maps/NH_WBBlockWithGeo.NH_WBBlockWithGeo:PersistentLevel.BrushGasStation_11.BrushComponent0) Component already registered.
[2019.05.04-19.13.36:737][ 76]LogActorComponent: ~FComponentReregisterContext: (/Game/Maps/NH_WBBlockWithGeo.NH_WBBlockWithGeo:PersistentLevel.BrushGround_177.BrushComponent0) Component already registered.
[2019.05.04-19.13.36:742][ 76]LogActorComponent: ~FComponentReregisterContext: (/Game/Maps/NH_WBBlockWithGeo.NH_WBBlockWithGeo:PersistentLevel.BrushGround_113.BrushComponent0) Component already registered.
[2019.05.04-19.13.36:745][ 76]LogActorComponent: ~FComponentReregisterContext: (/Game/Maps/NH_WBBlockWithGeo.NH_WBBlockWithGeo:PersistentLevel.BrushMotelRoof_2.BrushComponent0) Component already registered.
[2019.05.04-19.13.36:748][ 76]LogActorComponent: ~FComponentReregisterContext: (/Game/Maps/NH_WBBlockWithGeo.NH_WBBlockWithGeo:PersistentLevel.BrushGround_206.BrushComponent0) Component already registered.
[2019.05.04-19.13.47:168][551]LogSlate: FSceneViewport::OnFocusLost() reason 0
[2019.05.04-19.14.20:600][  3]LogGeometryMode: Warning: Unable to find BrushMotel_12 Brush(s) in new BSP
[2019.05.04-19.14.20:600][  3]LogGeometryMode: Warning: Unable to find all previously selected geometry data, resetting selection
[2019.05.04-19.14.29:714][ 14]Cmd: SELECT NONE
[2019.05.04-19.15.25:986][617]LogSavePackage: Moving '../../../../../../Users/nhfir/Documents/GitHub/NH_AssetPipeline/NH_WhiteboxInClass/Saved/NH_WBBlockWithGeo_Auto5AE92CDF440FA796ECEBB9186B3B64DF7.tmp' to '../../../../../../Users/nhfir/Documents/GitHub/NH_AssetPipeline/NH_WhiteboxInClass/Saved/Autosaves/Game/Maps/NH_WBBlockWithGeo_Auto5.umap'
[2019.05.04-19.15.25:990][617]LogFileHelpers: Editor autosave (incl. sublevels) for '/Game/Maps/NH_WBBlockWithGeo' took 1.238
[2019.05.04-19.15.25:990][617]LogFileHelpers: Editor autosave (incl. sublevels) for all levels took 1.238
[2019.05.04-19.21.57:363][448]LogGeometryMode: Warning: Unable to find BrushMotelSign_2 Brush(s) in new BSP
[2019.05.04-19.21.57:363][448]LogGeometryMode: Warning: Unable to find all previously selected geometry data, resetting selection
